<?xml version="1.0" encoding="UTF-8"?>
<robot generator="Robot 3.1.1 (Python 3.7.0 on win32)" generated="20190116 12:49:55.145" rpa="false">
<suite id="s1" name="Test" source="C:\Users\ldgomes\Desktop\Projetos\Robot_Framework_Study\SampleTest\tests\test.robot">
<test id="s1-t1" name="Test Case 01">
<kw name="Abrir Aplicacao" library="resource" type="setup">
<kw name="Open Application" library="AppiumLibrary">
<doc>Opens a new application to given Appium server.
Capabilities of appium server, Android and iOS,
Please check https://github.com/appium/appium/blob/master/docs/en/writing-running-appium/server-args.md
| *Option*            | *Man.* | *Description*     |
| remote_url          | Yes    | Appium server url |
| alias               | no     | alias             |</doc>
<arguments>
<arg>${SERVER}</arg>
<arg>platformName=Android</arg>
<arg>deviceName=${DEVICE_NAME}</arg>
<arg>app=${APK}</arg>
</arguments>
<status status="PASS" starttime="20190116 12:49:55.397" endtime="20190116 12:50:05.211"></status>
</kw>
<status status="PASS" starttime="20190116 12:49:55.396" endtime="20190116 12:50:05.212"></status>
</kw>
<kw name="Checar imagem logotipo" library="resource">
<kw name="Wait Until Element Is Visible" library="AppiumLibrary">
<doc>Waits until element specified with `locator` is visible.</doc>
<arguments>
<arg>id=txt_username</arg>
</arguments>
<status status="PASS" starttime="20190116 12:50:05.212" endtime="20190116 12:50:07.314"></status>
</kw>
<status status="PASS" starttime="20190116 12:50:05.212" endtime="20190116 12:50:07.314"></status>
</kw>
<kw name="Digitar login" library="resource">
<kw name="Input Text" library="AppiumLibrary">
<doc>Types the given `text` into text field identified by `locator`.</doc>
<arguments>
<arg>id=txt_username</arg>
<arg>lucasdlg</arg>
</arguments>
<msg timestamp="20190116 12:50:07.316" level="INFO">Typing text 'lucasdlg' into text field 'id=txt_username'</msg>
<status status="PASS" starttime="20190116 12:50:07.315" endtime="20190116 12:50:14.930"></status>
</kw>
<status status="PASS" starttime="20190116 12:50:07.315" endtime="20190116 12:50:14.930"></status>
</kw>
<kw name="Fechar Aplicacao" library="resource" type="teardown">
<kw name="Close Application" library="AppiumLibrary">
<doc>Closes the current application and also close webdriver session.</doc>
<status status="PASS" starttime="20190116 12:50:14.931" endtime="20190116 12:50:17.315"></status>
</kw>
<status status="PASS" starttime="20190116 12:50:14.931" endtime="20190116 12:50:17.315"></status>
</kw>
<status status="PASS" starttime="20190116 12:49:55.396" endtime="20190116 12:50:17.316" critical="yes"></status>
</test>
<status status="PASS" starttime="20190116 12:49:55.149" endtime="20190116 12:50:17.317"></status>
</suite>
<statistics>
<total>
<stat pass="1" fail="0">Critical Tests</stat>
<stat pass="1" fail="0">All Tests</stat>
</total>
<tag>
</tag>
<suite>
<stat pass="1" fail="0" id="s1" name="Test">Test</stat>
</suite>
</statistics>
<errors>
</errors>
</robot>
