<?xml version="1.0" encoding="UTF-8"?>
<robot generator="Robot 3.1.1 (Python 3.7.0 on win32)" generated="20190116 13:03:01.178" rpa="false">
<suite id="s1" name="Test" source="C:\Users\ldgomes\Desktop\Projetos\Robot_Framework_Study\SampleTest\tests\test.robot">
<test id="s1-t1" name="Test Case 01">
<kw name="Abrir Aplicacao" library="resource" type="setup">
<kw name="Open Application" library="AppiumLibrary">
<doc>Opens a new application to given Appium server.
Capabilities of appium server, Android and iOS,
Please check https://github.com/appium/appium/blob/master/docs/en/writing-running-appium/server-args.md
| *Option*            | *Man.* | *Description*     |
| remote_url          | Yes    | Appium server url |
| alias               | no     | alias             |</doc>
<arguments>
<arg>${SERVER}</arg>
<arg>platformName=Android</arg>
<arg>deviceName=${DEVICE_NAME}</arg>
<arg>app=${APK}</arg>
</arguments>
<status status="PASS" starttime="20190116 13:03:01.427" endtime="20190116 13:03:10.644"></status>
</kw>
<status status="PASS" starttime="20190116 13:03:01.426" endtime="20190116 13:03:10.645"></status>
</kw>
<kw name="Checar imagem logotipo" library="resource">
<kw name="Wait Until Element Is Visible" library="AppiumLibrary">
<doc>Waits until element specified with `locator` is visible.</doc>
<arguments>
<arg>id=txt_username</arg>
</arguments>
<status status="PASS" starttime="20190116 13:03:10.646" endtime="20190116 13:03:12.776"></status>
</kw>
<status status="PASS" starttime="20190116 13:03:10.645" endtime="20190116 13:03:12.776"></status>
</kw>
<kw name="Digitar login e senha" library="resource">
<kw name="Input Text" library="AppiumLibrary">
<doc>Types the given `text` into text field identified by `locator`.</doc>
<arguments>
<arg>id=txt_username</arg>
<arg>lucasdlg</arg>
</arguments>
<msg timestamp="20190116 13:03:12.779" level="INFO">Typing text 'lucasdlg' into text field 'id=txt_username'</msg>
<status status="PASS" starttime="20190116 13:03:12.777" endtime="20190116 13:03:20.370"></status>
</kw>
<kw name="Input Text" library="AppiumLibrary">
<doc>Types the given `text` into text field identified by `locator`.</doc>
<arguments>
<arg>id=txt_password</arg>
<arg>lucasdlg</arg>
</arguments>
<msg timestamp="20190116 13:03:20.371" level="INFO">Typing text 'lucasdlg' into text field 'id=txt_password'</msg>
<status status="PASS" starttime="20190116 13:03:20.370" endtime="20190116 13:03:27.813"></status>
</kw>
<status status="PASS" starttime="20190116 13:03:12.777" endtime="20190116 13:03:27.813"></status>
</kw>
<kw name="Clicar no botão para logar" library="resource">
<kw name="Click Element" library="AppiumLibrary">
<doc>Click element identified by `locator`.</doc>
<arguments>
<arg>xpath=</arg>
<arg>/hierarchy/android.widget.FrameLayout/android.widget.LinearLayout/android.widget.FrameLayout/android.view.ViewGroup/android.widget.FrameLayout[2]/android.view.ViewGroup</arg>
</arguments>
<msg timestamp="20190116 13:03:27.815" level="FAIL">Keyword 'AppiumLibrary.Click Element' expected 1 argument, got 2.</msg>
<status status="FAIL" starttime="20190116 13:03:27.815" endtime="20190116 13:03:27.815"></status>
</kw>
<status status="FAIL" starttime="20190116 13:03:27.814" endtime="20190116 13:03:27.815"></status>
</kw>
<kw name="Fechar Aplicacao" library="resource" type="teardown">
<kw name="Close Application" library="AppiumLibrary">
<doc>Closes the current application and also close webdriver session.</doc>
<status status="PASS" starttime="20190116 13:03:27.816" endtime="20190116 13:03:30.258"></status>
</kw>
<status status="PASS" starttime="20190116 13:03:27.816" endtime="20190116 13:03:30.258"></status>
</kw>
<status status="FAIL" starttime="20190116 13:03:01.425" endtime="20190116 13:03:30.259" critical="yes">Keyword 'AppiumLibrary.Click Element' expected 1 argument, got 2.</status>
</test>
<status status="FAIL" starttime="20190116 13:03:01.182" endtime="20190116 13:03:30.262"></status>
</suite>
<statistics>
<total>
<stat pass="0" fail="1">Critical Tests</stat>
<stat pass="0" fail="1">All Tests</stat>
</total>
<tag>
</tag>
<suite>
<stat pass="0" fail="1" id="s1" name="Test">Test</stat>
</suite>
</statistics>
<errors>
</errors>
</robot>
