<?xml version="1.0" encoding="UTF-8"?>
<robot generator="Robot 3.1.1 (Python 3.7.0 on win32)" generated="20190115 12:32:14.086" rpa="false">
<suite id="s1" name="TestSitePractice" source="C:\Users\ldgomes\Desktop\Projetos\Robot_Framework_Study\Primeiro_Caso_Teste\tests\TestSitePractice.robot">
<test id="s1-t1" name="Cenário 01: Pesquisar produto Existente">
<kw name="Abrir Navegador" library="resource" type="setup">
<kw name="Open Browser" library="SeleniumLibrary">
<doc>Opens a new browser instance to the given ``url``.</doc>
<arguments>
<arg>${URL}</arg>
<arg>${BROWSER}</arg>
</arguments>
<msg timestamp="20190115 12:32:14.314" level="INFO">Opening browser 'chrome' to base url 'http://automationpractice.com/index.php'.</msg>
<status status="PASS" starttime="20190115 12:32:14.314" endtime="20190115 12:32:25.617"></status>
</kw>
<status status="PASS" starttime="20190115 12:32:14.314" endtime="20190115 12:32:25.617"></status>
</kw>
<kw name="Acessar página home do site" library="resource">
<kw name="Go To" library="SeleniumLibrary">
<doc>Navigates the active browser instance to the provided ``url``.</doc>
<arguments>
<arg>${URL}</arg>
</arguments>
<msg timestamp="20190115 12:32:25.618" level="INFO">Opening url 'http://automationpractice.com/index.php'</msg>
<status status="PASS" starttime="20190115 12:32:25.618" endtime="20190115 12:32:27.395"></status>
</kw>
<kw name="Title Should Be" library="SeleniumLibrary">
<doc>Verifies that current page title equals ``title``.</doc>
<arguments>
<arg>My Store</arg>
</arguments>
<msg timestamp="20190115 12:32:27.403" level="INFO">Page title is 'My Store'.</msg>
<status status="PASS" starttime="20190115 12:32:27.395" endtime="20190115 12:32:27.404"></status>
</kw>
<status status="PASS" starttime="20190115 12:32:25.618" endtime="20190115 12:32:27.404"></status>
</kw>
<kw name="Digitar o nome de produto &quot;Blouse&quot; no campo de pesquisa" library="resource">
<kw name="Input Text" library="SeleniumLibrary">
<doc>Types the given ``text`` into text field identified by ``locator``.</doc>
<arguments>
<arg>name=search_query</arg>
<arg>${PRODUTO}</arg>
</arguments>
<msg timestamp="20190115 12:32:27.405" level="INFO">Typing text 'Blouse' into text field 'name=search_query'.</msg>
<status status="PASS" starttime="20190115 12:32:27.405" endtime="20190115 12:32:27.747"></status>
</kw>
<status status="PASS" starttime="20190115 12:32:27.404" endtime="20190115 12:32:27.747"></status>
</kw>
<kw name="Clicar no botão de pesquisa" library="resource">
<kw name="Click Element" library="SeleniumLibrary">
<doc>Click element identified by ``locator``.</doc>
<arguments>
<arg>name=submit_search</arg>
</arguments>
<msg timestamp="20190115 12:32:27.749" level="INFO">Clicking element 'name=submit_search'.</msg>
<status status="PASS" starttime="20190115 12:32:27.749" endtime="20190115 12:32:29.577"></status>
</kw>
<status status="PASS" starttime="20190115 12:32:27.748" endtime="20190115 12:32:29.578"></status>
</kw>
<kw name="Então o produto &quot;Blouse&quot; deve ser listado na página de resultado da busca" library="resource">
<kw name="Wait Until Element Is Visible" library="SeleniumLibrary">
<doc>Waits until element ``locator`` is visible.</doc>
<arguments>
<arg>css=#center_column &gt; h1</arg>
</arguments>
<status status="PASS" starttime="20190115 12:32:29.581" endtime="20190115 12:32:29.643"></status>
</kw>
<kw name="Title Should Be" library="SeleniumLibrary">
<doc>Verifies that current page title equals ``title``.</doc>
<arguments>
<arg>Search - My Store</arg>
</arguments>
<msg timestamp="20190115 12:32:29.651" level="INFO">Page title is 'Search - My Store'.</msg>
<status status="PASS" starttime="20190115 12:32:29.644" endtime="20190115 12:32:29.651"></status>
</kw>
<kw name="Page Should Contain Image" library="SeleniumLibrary">
<doc>Verifies image identified by ``locator`` is found from current page.</doc>
<arguments>
<arg>xpath=//*[@id="center_column"]//*[@src="http://automationpractice.com/img/p/7/7-home_default.jpg"]</arg>
</arguments>
<msg timestamp="20190115 12:32:29.680" level="INFO">Current page contains image 'xpath=//*[@id="center_column"]//*[@src="http://automationpractice.com/img/p/7/7-home_default.jpg"]'.</msg>
<status status="PASS" starttime="20190115 12:32:29.651" endtime="20190115 12:32:29.680"></status>
</kw>
<kw name="Page Should Contain Link" library="SeleniumLibrary">
<doc>Verifies link identified by ``locator`` is found from current page.</doc>
<arguments>
<arg>xpath=//*[@id="center_column"]//a[@class="product-name"][contains(text(),"${PRODUTO}")]</arg>
</arguments>
<msg timestamp="20190115 12:32:29.716" level="INFO">Current page contains link 'xpath=//*[@id="center_column"]//a[@class="product-name"][contains(text(),"Blouse")]'.</msg>
<status status="PASS" starttime="20190115 12:32:29.681" endtime="20190115 12:32:29.716"></status>
</kw>
<status status="PASS" starttime="20190115 12:32:29.580" endtime="20190115 12:32:29.716"></status>
</kw>
<kw name="Fechar Navegador" library="resource" type="teardown">
<kw name="Close Browser" library="SeleniumLibrary">
<doc>Closes the current browser.</doc>
<status status="PASS" starttime="20190115 12:32:29.717" endtime="20190115 12:32:32.104"></status>
</kw>
<status status="PASS" starttime="20190115 12:32:29.717" endtime="20190115 12:32:32.104"></status>
</kw>
<status status="PASS" starttime="20190115 12:32:14.313" endtime="20190115 12:32:32.105" critical="yes"></status>
</test>
<test id="s1-t2" name="Cenário 02: Pesquisar produto não existente">
<kw name="Abrir Navegador" library="resource" type="setup">
<kw name="Open Browser" library="SeleniumLibrary">
<doc>Opens a new browser instance to the given ``url``.</doc>
<arguments>
<arg>${URL}</arg>
<arg>${BROWSER}</arg>
</arguments>
<msg timestamp="20190115 12:32:32.108" level="INFO">Opening browser 'chrome' to base url 'http://automationpractice.com/index.php'.</msg>
<status status="PASS" starttime="20190115 12:32:32.107" endtime="20190115 12:32:43.386"></status>
</kw>
<status status="PASS" starttime="20190115 12:32:32.107" endtime="20190115 12:32:43.387"></status>
</kw>
<kw name="Acessar página home do site" library="resource">
<kw name="Go To" library="SeleniumLibrary">
<doc>Navigates the active browser instance to the provided ``url``.</doc>
<arguments>
<arg>${URL}</arg>
</arguments>
<msg timestamp="20190115 12:32:43.388" level="INFO">Opening url 'http://automationpractice.com/index.php'</msg>
<status status="PASS" starttime="20190115 12:32:43.388" endtime="20190115 12:32:45.928"></status>
</kw>
<kw name="Title Should Be" library="SeleniumLibrary">
<doc>Verifies that current page title equals ``title``.</doc>
<arguments>
<arg>My Store</arg>
</arguments>
<msg timestamp="20190115 12:32:45.933" level="INFO">Page title is 'My Store'.</msg>
<status status="PASS" starttime="20190115 12:32:45.928" endtime="20190115 12:32:45.934"></status>
</kw>
<status status="PASS" starttime="20190115 12:32:43.388" endtime="20190115 12:32:45.934"></status>
</kw>
<kw name="Digitar o nome de produto &quot;produtoNãoExistente&quot; no campo de pesquisa" library="resource">
<kw name="Input Text" library="SeleniumLibrary">
<doc>Types the given ``text`` into text field identified by ``locator``.</doc>
<arguments>
<arg>name=search_query</arg>
<arg>${PRODUTO}</arg>
</arguments>
<msg timestamp="20190115 12:32:45.935" level="INFO">Typing text 'produtoNãoExistente' into text field 'name=search_query'.</msg>
<status status="PASS" starttime="20190115 12:32:45.935" endtime="20190115 12:32:46.154"></status>
</kw>
<status status="PASS" starttime="20190115 12:32:45.934" endtime="20190115 12:32:46.154"></status>
</kw>
<kw name="Clicar no botão de pesquisa" library="resource">
<kw name="Click Element" library="SeleniumLibrary">
<doc>Click element identified by ``locator``.</doc>
<arguments>
<arg>name=submit_search</arg>
</arguments>
<msg timestamp="20190115 12:32:46.156" level="INFO">Clicking element 'name=submit_search'.</msg>
<status status="PASS" starttime="20190115 12:32:46.155" endtime="20190115 12:32:47.879"></status>
</kw>
<status status="PASS" starttime="20190115 12:32:46.155" endtime="20190115 12:32:47.880"></status>
</kw>
<kw name="Então a página deve exibir a mensagem &quot;No results were found for your search &quot;produtoNãoExistente&quot;&quot;" library="resource">
<kw name="Wait Until Element Is Visible" library="SeleniumLibrary">
<doc>Waits until element ``locator`` is visible.</doc>
<arguments>
<arg>css=#center_column &gt; h1</arg>
</arguments>
<status status="PASS" starttime="20190115 12:32:47.881" endtime="20190115 12:32:47.928"></status>
</kw>
<kw name="Title Should Be" library="SeleniumLibrary">
<doc>Verifies that current page title equals ``title``.</doc>
<arguments>
<arg>Search - My Store</arg>
</arguments>
<msg timestamp="20190115 12:32:47.932" level="INFO">Page title is 'Search - My Store'.</msg>
<status status="PASS" starttime="20190115 12:32:47.928" endtime="20190115 12:32:47.932"></status>
</kw>
<kw name="Wait Until Page Contains Element" library="SeleniumLibrary">
<doc>Waits until element ``locator`` appears on current page.</doc>
<arguments>
<arg>xpath=//*[@id="center_column"]//p[contains(text(),"${PRODUTO}")]</arg>
</arguments>
<status status="PASS" starttime="20190115 12:32:47.933" endtime="20190115 12:32:47.954"></status>
</kw>
<status status="PASS" starttime="20190115 12:32:47.880" endtime="20190115 12:32:47.954"></status>
</kw>
<kw name="Fechar Navegador" library="resource" type="teardown">
<kw name="Close Browser" library="SeleniumLibrary">
<doc>Closes the current browser.</doc>
<status status="PASS" starttime="20190115 12:32:47.955" endtime="20190115 12:32:50.338"></status>
</kw>
<status status="PASS" starttime="20190115 12:32:47.955" endtime="20190115 12:32:50.338"></status>
</kw>
<status status="PASS" starttime="20190115 12:32:32.106" endtime="20190115 12:32:50.339" critical="yes"></status>
</test>
<status status="PASS" starttime="20190115 12:32:14.089" endtime="20190115 12:32:50.340"></status>
</suite>
<statistics>
<total>
<stat pass="2" fail="0">Critical Tests</stat>
<stat pass="2" fail="0">All Tests</stat>
</total>
<tag>
</tag>
<suite>
<stat pass="2" fail="0" id="s1" name="TestSitePractice">TestSitePractice</stat>
</suite>
</statistics>
<errors>
</errors>
</robot>
