<?xml version="1.0" encoding="UTF-8"?>
<robot generator="Robot 3.1.1 (Python 3.7.0 on win32)" generated="20190115 13:22:34.001" rpa="false">
<suite id="s1" name="TestSitePractice" source="C:\Users\ldgomes\Desktop\Projetos\Robot_Framework_Study\Primeiro_Caso_Teste\tests\TestSitePractice.robot">
<test id="s1-t1" name="Cenário 01: Pesquisar produto Existente">
<kw name="Abrir Navegador" library="resource" type="setup">
<kw name="Open Browser" library="SeleniumLibrary">
<doc>Opens a new browser instance to the given ``url``.</doc>
<arguments>
<arg>about:blank</arg>
<arg>${BROWSER}</arg>
</arguments>
<msg timestamp="20190115 13:22:34.352" level="INFO">Opening browser 'chrome' to base url 'about:blank'.</msg>
<status status="PASS" starttime="20190115 13:22:34.352" endtime="20190115 13:22:44.250"></status>
</kw>
<status status="PASS" starttime="20190115 13:22:34.351" endtime="20190115 13:22:44.251"></status>
</kw>
<kw name="Acessar página home do site" library="resource">
<kw name="Go To" library="SeleniumLibrary">
<doc>Navigates the active browser instance to the provided ``url``.</doc>
<arguments>
<arg>${URL}</arg>
</arguments>
<msg timestamp="20190115 13:22:44.254" level="INFO">Opening url 'http://automationpractice.com/index.php'</msg>
<status status="PASS" starttime="20190115 13:22:44.253" endtime="20190115 13:22:50.975"></status>
</kw>
<kw name="Title Should Be" library="SeleniumLibrary">
<doc>Verifies that current page title equals ``title``.</doc>
<arguments>
<arg>My Store</arg>
</arguments>
<msg timestamp="20190115 13:22:50.983" level="INFO">Page title is 'My Store'.</msg>
<status status="PASS" starttime="20190115 13:22:50.975" endtime="20190115 13:22:50.984"></status>
</kw>
<status status="PASS" starttime="20190115 13:22:44.252" endtime="20190115 13:22:50.984"></status>
</kw>
<kw name="Digitar o nome de produto &quot;Blouse&quot; no campo de pesquisa" library="resource">
<kw name="Input Text" library="SeleniumLibrary">
<doc>Types the given ``text`` into text field identified by ``locator``.</doc>
<arguments>
<arg>name=search_query</arg>
<arg>${PRODUTO}</arg>
</arguments>
<msg timestamp="20190115 13:22:50.986" level="INFO">Typing text 'Blouse' into text field 'name=search_query'.</msg>
<status status="PASS" starttime="20190115 13:22:50.985" endtime="20190115 13:22:51.163"></status>
</kw>
<status status="PASS" starttime="20190115 13:22:50.984" endtime="20190115 13:22:51.163"></status>
</kw>
<kw name="Clicar no botão de pesquisa" library="resource">
<kw name="Click Element" library="SeleniumLibrary">
<doc>Click element identified by ``locator``.</doc>
<arguments>
<arg>name=submit_search</arg>
</arguments>
<msg timestamp="20190115 13:22:51.165" level="INFO">Clicking element 'name=submit_search'.</msg>
<status status="PASS" starttime="20190115 13:22:51.165" endtime="20190115 13:22:53.976"></status>
</kw>
<status status="PASS" starttime="20190115 13:22:51.165" endtime="20190115 13:22:53.976"></status>
</kw>
<kw name="Então o produto &quot;Blouse&quot; deve ser listado na página de resultado da busca" library="resource">
<kw name="Wait Until Element Is Visible" library="SeleniumLibrary">
<doc>Waits until element ``locator`` is visible.</doc>
<arguments>
<arg>css=#center_column &gt; h1</arg>
</arguments>
<status status="PASS" starttime="20190115 13:22:53.977" endtime="20190115 13:22:54.025"></status>
</kw>
<kw name="Title Should Be" library="SeleniumLibrary">
<doc>Verifies that current page title equals ``title``.</doc>
<arguments>
<arg>Search - My Store</arg>
</arguments>
<msg timestamp="20190115 13:22:54.031" level="INFO">Page title is 'Search - My Store'.</msg>
<status status="PASS" starttime="20190115 13:22:54.025" endtime="20190115 13:22:54.031"></status>
</kw>
<kw name="Page Should Contain Image" library="SeleniumLibrary">
<doc>Verifies image identified by ``locator`` is found from current page.</doc>
<arguments>
<arg>xpath=//*[@id="center_column"]//*[@src="http://automationpractice.com/img/p/7/7-home_default.jpg"]</arg>
</arguments>
<msg timestamp="20190115 13:22:54.069" level="INFO">Current page contains image 'xpath=//*[@id="center_column"]//*[@src="http://automationpractice.com/img/p/7/7-home_default.jpg"]'.</msg>
<status status="PASS" starttime="20190115 13:22:54.031" endtime="20190115 13:22:54.069"></status>
</kw>
<kw name="Page Should Contain Link" library="SeleniumLibrary">
<doc>Verifies link identified by ``locator`` is found from current page.</doc>
<arguments>
<arg>xpath=//*[@id="center_column"]//a[@class="product-name"][contains(text(),"${PRODUTO}")]</arg>
</arguments>
<msg timestamp="20190115 13:22:54.097" level="INFO">Current page contains link 'xpath=//*[@id="center_column"]//a[@class="product-name"][contains(text(),"Blouse")]'.</msg>
<status status="PASS" starttime="20190115 13:22:54.069" endtime="20190115 13:22:54.097"></status>
</kw>
<status status="PASS" starttime="20190115 13:22:53.977" endtime="20190115 13:22:54.097"></status>
</kw>
<kw name="Fechar Navegador" library="resource" type="teardown">
<kw name="Close Browser" library="SeleniumLibrary">
<doc>Closes the current browser.</doc>
<status status="PASS" starttime="20190115 13:22:54.099" endtime="20190115 13:22:56.510"></status>
</kw>
<status status="PASS" starttime="20190115 13:22:54.098" endtime="20190115 13:22:56.510"></status>
</kw>
<status status="PASS" starttime="20190115 13:22:34.350" endtime="20190115 13:22:56.511" critical="yes"></status>
</test>
<test id="s1-t2" name="Cenário 02: Pesquisar produto não existente">
<kw name="Abrir Navegador" library="resource" type="setup">
<kw name="Open Browser" library="SeleniumLibrary">
<doc>Opens a new browser instance to the given ``url``.</doc>
<arguments>
<arg>about:blank</arg>
<arg>${BROWSER}</arg>
</arguments>
<msg timestamp="20190115 13:22:56.514" level="INFO">Opening browser 'chrome' to base url 'about:blank'.</msg>
<status status="PASS" starttime="20190115 13:22:56.514" endtime="20190115 13:23:14.318"></status>
</kw>
<status status="PASS" starttime="20190115 13:22:56.513" endtime="20190115 13:23:14.318"></status>
</kw>
<kw name="Acessar página home do site" library="resource">
<kw name="Go To" library="SeleniumLibrary">
<doc>Navigates the active browser instance to the provided ``url``.</doc>
<arguments>
<arg>${URL}</arg>
</arguments>
<msg timestamp="20190115 13:23:14.321" level="INFO">Opening url 'http://automationpractice.com/index.php'</msg>
<status status="PASS" starttime="20190115 13:23:14.320" endtime="20190115 13:23:20.409"></status>
</kw>
<kw name="Title Should Be" library="SeleniumLibrary">
<doc>Verifies that current page title equals ``title``.</doc>
<arguments>
<arg>My Store</arg>
</arguments>
<msg timestamp="20190115 13:23:20.419" level="INFO">Page title is 'My Store'.</msg>
<status status="PASS" starttime="20190115 13:23:20.409" endtime="20190115 13:23:20.419"></status>
</kw>
<status status="PASS" starttime="20190115 13:23:14.319" endtime="20190115 13:23:20.419"></status>
</kw>
<kw name="Digitar o nome de produto &quot;produtoNãoExistente&quot; no campo de pesquisa" library="resource">
<kw name="Input Text" library="SeleniumLibrary">
<doc>Types the given ``text`` into text field identified by ``locator``.</doc>
<arguments>
<arg>name=search_query</arg>
<arg>${PRODUTO}</arg>
</arguments>
<msg timestamp="20190115 13:23:20.420" level="INFO">Typing text 'produtoNãoExistente' into text field 'name=search_query'.</msg>
<status status="PASS" starttime="20190115 13:23:20.420" endtime="20190115 13:23:20.670"></status>
</kw>
<status status="PASS" starttime="20190115 13:23:20.420" endtime="20190115 13:23:20.670"></status>
</kw>
<kw name="Clicar no botão de pesquisa" library="resource">
<kw name="Click Element" library="SeleniumLibrary">
<doc>Click element identified by ``locator``.</doc>
<arguments>
<arg>name=submit_search</arg>
</arguments>
<msg timestamp="20190115 13:23:20.672" level="INFO">Clicking element 'name=submit_search'.</msg>
<status status="PASS" starttime="20190115 13:23:20.672" endtime="20190115 13:23:24.168"></status>
</kw>
<status status="PASS" starttime="20190115 13:23:20.671" endtime="20190115 13:23:24.168"></status>
</kw>
<kw name="Então a página deve exibir a mensagem &quot;No results were found for your search &quot;produtoNãoExistente&quot;&quot;" library="resource">
<kw name="Wait Until Element Is Visible" library="SeleniumLibrary">
<doc>Waits until element ``locator`` is visible.</doc>
<arguments>
<arg>xpath=//*[@id="center_column"]//p[@class='alert alert-warning']</arg>
</arguments>
<status status="PASS" starttime="20190115 13:23:24.170" endtime="20190115 13:23:24.225"></status>
</kw>
<kw name="Element Text Should Be" library="SeleniumLibrary">
<doc>Verifies that element ``locator`` contains exact text ``expected``.</doc>
<arguments>
<arg>xpath=//*[@id="center_column"]//p[@class='alert alert-warning']</arg>
<arg>${MENSAGEM_ALERTA}</arg>
</arguments>
<msg timestamp="20190115 13:23:24.226" level="INFO">Verifying element 'xpath=//*[@id="center_column"]//p[@class='alert alert-warning']' contains exact text 'No results were found for your search "produtoNãoExistente"'.</msg>
<status status="PASS" starttime="20190115 13:23:24.225" endtime="20190115 13:23:24.279"></status>
</kw>
<status status="PASS" starttime="20190115 13:23:24.170" endtime="20190115 13:23:24.279"></status>
</kw>
<kw name="Fechar Navegador" library="resource" type="teardown">
<kw name="Close Browser" library="SeleniumLibrary">
<doc>Closes the current browser.</doc>
<status status="PASS" starttime="20190115 13:23:24.281" endtime="20190115 13:23:26.692"></status>
</kw>
<status status="PASS" starttime="20190115 13:23:24.280" endtime="20190115 13:23:26.692"></status>
</kw>
<status status="PASS" starttime="20190115 13:22:56.513" endtime="20190115 13:23:26.693" critical="yes"></status>
</test>
<status status="PASS" starttime="20190115 13:22:34.004" endtime="20190115 13:23:26.696"></status>
</suite>
<statistics>
<total>
<stat pass="2" fail="0">Critical Tests</stat>
<stat pass="2" fail="0">All Tests</stat>
</total>
<tag>
</tag>
<suite>
<stat pass="2" fail="0" id="s1" name="TestSitePractice">TestSitePractice</stat>
</suite>
</statistics>
<errors>
</errors>
</robot>
