<?xml version="1.0" encoding="UTF-8"?>
<robot generator="Robot 3.1.1 (Python 3.7.0 on win32)" generated="20190115 13:06:00.821" rpa="false">
<suite id="s1" name="TestSitePractice" source="C:\Users\ldgomes\Desktop\Projetos\Robot_Framework_Study\Primeiro_Caso_Teste\tests\TestSitePractice.robot">
<test id="s1-t1" name="Cenário 02: Pesquisar produto não existente">
<kw name="Abrir Navegador" library="resource" type="setup">
<kw name="Open Browser" library="SeleniumLibrary">
<doc>Opens a new browser instance to the given ``url``.</doc>
<arguments>
<arg>${URL}</arg>
<arg>${BROWSER}</arg>
</arguments>
<msg timestamp="20190115 13:06:01.061" level="INFO">Opening browser 'chrome' to base url 'http://automationpractice.com/index.php'.</msg>
<status status="PASS" starttime="20190115 13:06:01.061" endtime="20190115 13:06:16.894"></status>
</kw>
<status status="PASS" starttime="20190115 13:06:01.060" endtime="20190115 13:06:16.894"></status>
</kw>
<kw name="Acessar página home do site" library="resource">
<kw name="Go To" library="SeleniumLibrary">
<doc>Navigates the active browser instance to the provided ``url``.</doc>
<arguments>
<arg>${URL}</arg>
</arguments>
<msg timestamp="20190115 13:06:16.896" level="INFO">Opening url 'http://automationpractice.com/index.php'</msg>
<status status="PASS" starttime="20190115 13:06:16.896" endtime="20190115 13:06:19.200"></status>
</kw>
<kw name="Title Should Be" library="SeleniumLibrary">
<doc>Verifies that current page title equals ``title``.</doc>
<arguments>
<arg>My Store</arg>
</arguments>
<msg timestamp="20190115 13:06:19.208" level="INFO">Page title is 'My Store'.</msg>
<status status="PASS" starttime="20190115 13:06:19.200" endtime="20190115 13:06:19.208"></status>
</kw>
<status status="PASS" starttime="20190115 13:06:16.895" endtime="20190115 13:06:19.208"></status>
</kw>
<kw name="Digitar o nome de produto &quot;produtoNãoExistente&quot; no campo de pesquisa" library="resource">
<kw name="Input Text" library="SeleniumLibrary">
<doc>Types the given ``text`` into text field identified by ``locator``.</doc>
<arguments>
<arg>name=search_query</arg>
<arg>${PRODUTO}</arg>
</arguments>
<msg timestamp="20190115 13:06:19.210" level="INFO">Typing text 'produtoNãoExistente' into text field 'name=search_query'.</msg>
<status status="PASS" starttime="20190115 13:06:19.209" endtime="20190115 13:06:19.440"></status>
</kw>
<status status="PASS" starttime="20190115 13:06:19.209" endtime="20190115 13:06:19.441"></status>
</kw>
<kw name="Clicar no botão de pesquisa" library="resource">
<kw name="Click Element" library="SeleniumLibrary">
<doc>Click element identified by ``locator``.</doc>
<arguments>
<arg>name=submit_search</arg>
</arguments>
<msg timestamp="20190115 13:06:19.442" level="INFO">Clicking element 'name=submit_search'.</msg>
<status status="PASS" starttime="20190115 13:06:19.442" endtime="20190115 13:06:21.033"></status>
</kw>
<status status="PASS" starttime="20190115 13:06:19.441" endtime="20190115 13:06:21.034"></status>
</kw>
<kw name="Então a página deve exibir a mensagem &quot;No results were found for your search &quot;produtoNãoExistente&quot;&quot;" library="resource">
<kw name="Wait Until Element Is Visible" library="SeleniumLibrary">
<doc>Waits until element ``locator`` is visible.</doc>
<arguments>
<arg>xpath=//*[@id="center_column"]//p[@class='alert alert-warning']</arg>
</arguments>
<status status="PASS" starttime="20190115 13:06:21.036" endtime="20190115 13:06:21.097"></status>
</kw>
<kw name="Element Text Should Be" library="SeleniumLibrary">
<doc>Verifies that element ``locator`` contains exact text ``expected``.</doc>
<arguments>
<arg>xpath=//*[@id="center_column"]//p[@class='alert alert-warning']</arg>
<arg>${MENSAGEM_ALERTA}</arg>
</arguments>
<msg timestamp="20190115 13:06:21.097" level="INFO">Verifying element 'xpath=//*[@id="center_column"]//p[@class='alert alert-warning']' contains exact text 'No results were found for your search "produtoNãoExistente"'.</msg>
<status status="PASS" starttime="20190115 13:06:21.097" endtime="20190115 13:06:21.146"></status>
</kw>
<status status="PASS" starttime="20190115 13:06:21.035" endtime="20190115 13:06:21.147"></status>
</kw>
<kw name="Fechar Navegador" library="resource" type="teardown">
<kw name="Close Browser" library="SeleniumLibrary">
<doc>Closes the current browser.</doc>
<status status="PASS" starttime="20190115 13:06:21.148" endtime="20190115 13:06:23.571"></status>
</kw>
<status status="PASS" starttime="20190115 13:06:21.147" endtime="20190115 13:06:23.571"></status>
</kw>
<status status="PASS" starttime="20190115 13:06:01.060" endtime="20190115 13:06:23.572" critical="yes"></status>
</test>
<status status="PASS" starttime="20190115 13:06:00.824" endtime="20190115 13:06:23.573"></status>
</suite>
<statistics>
<total>
<stat pass="1" fail="0">Critical Tests</stat>
<stat pass="1" fail="0">All Tests</stat>
</total>
<tag>
</tag>
<suite>
<stat pass="1" fail="0" id="s1" name="TestSitePractice">TestSitePractice</stat>
</suite>
</statistics>
<errors>
</errors>
</robot>
