<?xml version="1.0" encoding="UTF-8"?>
<robot generator="Robot 3.1.1 (Python 3.7.0 on win32)" generated="20190115 12:22:26.602" rpa="false">
<suite id="s1" name="TestSitePractice" source="C:\Users\ldgomes\Desktop\Projetos\Robot_Framework_Study\Primeiro_Caso_Teste\tests\TestSitePractice.robot">
<test id="s1-t1" name="Cenário 01: Pesquisar produto Existente">
<kw name="Abrir Navegador" library="resource" type="setup">
<kw name="Open Browser" library="SeleniumLibrary">
<doc>Opens a new browser instance to the given ``url``.</doc>
<arguments>
<arg>${URL}</arg>
<arg>${BROWSER}</arg>
</arguments>
<msg timestamp="20190115 12:22:26.829" level="INFO">Opening browser 'chrome' to base url 'http://automationpractice.com/index.php'.</msg>
<kw name="Capture Page Screenshot" library="SeleniumLibrary">
<doc>Takes screenshot of the current page and embeds it into log file.</doc>
<msg timestamp="20190115 12:23:31.550" level="INFO">Cannot capture screenshot because no browser is open.</msg>
<status status="PASS" starttime="20190115 12:23:31.549" endtime="20190115 12:23:31.550"></status>
</kw>
<msg timestamp="20190115 12:23:31.553" level="FAIL">SessionNotCreatedException: Message: session not created
from disconnected: unable to connect to renderer
  (Session info: chrome=70.0.3538.110)
  (Driver info: chromedriver=2.45.615291 (ec3682e3c9061c10f26ea9e5cdcf3c53f3f74387),platform=Windows NT 10.0.17134 x86_64)
</msg>
<status status="FAIL" starttime="20190115 12:22:26.829" endtime="20190115 12:23:31.553"></status>
</kw>
<status status="FAIL" starttime="20190115 12:22:26.828" endtime="20190115 12:23:31.554"></status>
</kw>
<kw name="Fechar Navegador" library="resource" type="teardown">
<kw name="Close Browser" library="SeleniumLibrary">
<doc>Closes the current browser.</doc>
<status status="PASS" starttime="20190115 12:23:31.555" endtime="20190115 12:23:31.555"></status>
</kw>
<status status="PASS" starttime="20190115 12:23:31.554" endtime="20190115 12:23:31.555"></status>
</kw>
<status status="FAIL" starttime="20190115 12:22:26.827" endtime="20190115 12:23:31.555" critical="yes">Setup failed:
SessionNotCreatedException: Message: session not created
from disconnected: unable to connect to renderer
  (Session info: chrome=70.0.3538.110)
  (Driver info: chromedriver=2.45.615291 (ec3682e3c9061c10f26ea9e5cdcf3c53f3f74387),platform=Windows NT 10.0.17134 x86_64)
</status>
</test>
<test id="s1-t2" name="Cenário 02: Pesquisar produto não existente">
<kw name="Abrir Navegador" library="resource" type="setup">
<kw name="Open Browser" library="SeleniumLibrary">
<doc>Opens a new browser instance to the given ``url``.</doc>
<arguments>
<arg>${URL}</arg>
<arg>${BROWSER}</arg>
</arguments>
<msg timestamp="20190115 12:23:31.558" level="INFO">Opening browser 'chrome' to base url 'http://automationpractice.com/index.php'.</msg>
<errors>
<msg timestamp="20190115 12:23:53.894" level="ERROR">Execution stopped by user.</msg>
</errors>
</robot>
