<?xml version="1.0" encoding="UTF-8"?>
<robot generator="Robot 3.1.1 (Python 3.7.0 on win32)" generated="20190115 13:58:27.474" rpa="false">
<suite id="s1" name="Tests" source="C:\Users\ldgomes\Desktop\Projetos\Robot_Framework_Study\Primeiro_Caso_Teste\tests">
<suite id="s1-s1" name="TestSitePractice" source="C:\Users\ldgomes\Desktop\Projetos\Robot_Framework_Study\Primeiro_Caso_Teste\tests\TestSitePractice.robot">
<test id="s1-s1-t1" name="Cenário 01: Pesquisar produto Existente">
<kw name="Abrir Navegador" library="resource" type="setup">
<kw name="Open Browser" library="SeleniumLibrary">
<doc>Opens a new browser instance to the given ``url``.</doc>
<arguments>
<arg>about:blank</arg>
<arg>${BROWSER}</arg>
</arguments>
<msg timestamp="20190115 13:58:27.721" level="INFO">Opening browser 'chrome' to base url 'about:blank'.</msg>
<errors>
<msg timestamp="20190115 13:59:25.782" level="ERROR">Execution stopped by user.</msg>
</errors>
</robot>
