<?xml version="1.0" encoding="UTF-8"?>
<robot generator="Robot 3.1.1 (Python 3.7.0 on win32)" generated="20190115 11:59:51.341" rpa="false">
<suite id="s1" name="TestSitePractice" source="C:\Users\ldgomes\Desktop\Projetos\Robot_Framework_Study\Primeiro_Caso_Teste\tests\TestSitePractice.robot">
<test id="s1-t1" name="Cenário 01: Pesquisar produto Existente">
<kw name="Abrir Navegador" library="resource" type="setup">
<kw name="Open Browser" library="SeleniumLibrary">
<doc>Opens a new browser instance to the given ``url``.</doc>
<arguments>
<arg>${URL}</arg>
<arg>${BROWSER}</arg>
</arguments>
<msg timestamp="20190115 11:59:51.553" level="INFO">Opening browser 'chrome' to base url 'http://automationpractice.com/index.php'.</msg>
<status status="PASS" starttime="20190115 11:59:51.553" endtime="20190115 12:00:10.576"></status>
</kw>
<status status="PASS" starttime="20190115 11:59:51.553" endtime="20190115 12:00:10.576"></status>
</kw>
<kw name="Acessar página home do site" library="resource">
<kw name="Go To" library="SeleniumLibrary">
<doc>Navigates the active browser instance to the provided ``url``.</doc>
<arguments>
<arg>${URL}</arg>
</arguments>
<msg timestamp="20190115 12:00:10.578" level="INFO">Opening url 'http://automationpractice.com/index.php'</msg>
<status status="PASS" starttime="20190115 12:00:10.577" endtime="20190115 12:00:12.273"></status>
</kw>
<kw name="Title Should Be" library="SeleniumLibrary">
<doc>Verifies that current page title equals ``title``.</doc>
<arguments>
<arg>My Store</arg>
</arguments>
<msg timestamp="20190115 12:00:12.279" level="INFO">Page title is 'My Store'.</msg>
<status status="PASS" starttime="20190115 12:00:12.274" endtime="20190115 12:00:12.280"></status>
</kw>
<status status="PASS" starttime="20190115 12:00:10.577" endtime="20190115 12:00:12.280"></status>
</kw>
<kw name="Digitar o nome de produto &quot;Blouse&quot; no campo de pesquisa" library="resource">
<kw name="Input Text" library="SeleniumLibrary">
<doc>Types the given ``text`` into text field identified by ``locator``.</doc>
<arguments>
<arg>name=search_query</arg>
<arg>${PRODUTO}</arg>
</arguments>
<msg timestamp="20190115 12:00:12.281" level="INFO">Typing text 'Blouse' into text field 'name=search_query'.</msg>
<status status="PASS" starttime="20190115 12:00:12.281" endtime="20190115 12:00:12.468"></status>
</kw>
<status status="PASS" starttime="20190115 12:00:12.280" endtime="20190115 12:00:12.469"></status>
</kw>
<kw name="Clicar no botão de pesquisa" library="resource">
<kw name="Click Element" library="SeleniumLibrary">
<doc>Click element identified by ``locator``.</doc>
<arguments>
<arg>name=submit_search</arg>
</arguments>
<msg timestamp="20190115 12:00:12.470" level="INFO">Clicking element 'name=submit_search'.</msg>
<status status="PASS" starttime="20190115 12:00:12.469" endtime="20190115 12:00:14.333"></status>
</kw>
<status status="PASS" starttime="20190115 12:00:12.469" endtime="20190115 12:00:14.333"></status>
</kw>
<kw name="Então o produto &quot;Blouse&quot; deve ser listado na página de resultado da busca" library="resource">
<kw name="Wait Until Element Is Visible" library="SeleniumLibrary">
<doc>Waits until element ``locator`` is visible.</doc>
<arguments>
<arg>css=#center_column &gt; h1</arg>
</arguments>
<status status="PASS" starttime="20190115 12:00:14.335" endtime="20190115 12:00:14.375"></status>
</kw>
<kw name="Title Should Be" library="SeleniumLibrary">
<doc>Verifies that current page title equals ``title``.</doc>
<arguments>
<arg>Search - My Store</arg>
</arguments>
<msg timestamp="20190115 12:00:14.381" level="INFO">Page title is 'Search - My Store'.</msg>
<status status="PASS" starttime="20190115 12:00:14.375" endtime="20190115 12:00:14.381"></status>
</kw>
<kw name="Page Should Contain Image" library="SeleniumLibrary">
<doc>Verifies image identified by ``locator`` is found from current page.</doc>
<arguments>
<arg>xpath=//*[@id="center_column"]//*[@src="http://automationpractice.com/img/p/7/7-home_default.jpg"]</arg>
</arguments>
<msg timestamp="20190115 12:00:14.409" level="INFO">Current page contains image 'xpath=//*[@id="center_column"]//*[@src="http://automationpractice.com/img/p/7/7-home_default.jpg"]'.</msg>
<status status="PASS" starttime="20190115 12:00:14.381" endtime="20190115 12:00:14.410"></status>
</kw>
<kw name="Page Should Contain Link" library="SeleniumLibrary">
<doc>Verifies link identified by ``locator`` is found from current page.</doc>
<arguments>
<arg>xpath=//*[@id="center_column"]//a[@class="product-name"][contains(text(),"${PRODUTO}")]</arg>
</arguments>
<msg timestamp="20190115 12:00:14.436" level="INFO">Current page contains link 'xpath=//*[@id="center_column"]//a[@class="product-name"][contains(text(),"Blouse")]'.</msg>
<status status="PASS" starttime="20190115 12:00:14.410" endtime="20190115 12:00:14.436"></status>
</kw>
<status status="PASS" starttime="20190115 12:00:14.334" endtime="20190115 12:00:14.436"></status>
</kw>
<kw name="Fechar Navegador" library="resource" type="teardown">
<kw name="Close Browser" library="SeleniumLibrary">
<doc>Closes the current browser.</doc>
<status status="PASS" starttime="20190115 12:00:14.438" endtime="20190115 12:00:16.770"></status>
</kw>
<status status="PASS" starttime="20190115 12:00:14.437" endtime="20190115 12:00:16.770"></status>
</kw>
<status status="PASS" starttime="20190115 11:59:51.552" endtime="20190115 12:00:16.771" critical="yes"></status>
</test>
<status status="PASS" starttime="20190115 11:59:51.343" endtime="20190115 12:00:16.772"></status>
</suite>
<statistics>
<total>
<stat pass="1" fail="0">Critical Tests</stat>
<stat pass="1" fail="0">All Tests</stat>
</total>
<tag>
</tag>
<suite>
<stat pass="1" fail="0" id="s1" name="TestSitePractice">TestSitePractice</stat>
</suite>
</statistics>
<errors>
</errors>
</robot>
