<?xml version="1.0" encoding="UTF-8"?>
<robot generator="Robot 3.1.1 (Python 3.7.1 on win32)" generated="20190115 18:05:07.653" rpa="false">
<suite id="s1" name="CasoUso-Loja E-commerce" source="C:\Users\LUCASDOMINGOSLEAOGOM\Desktop\Projetos\Robot_Framework_Study\Primeiro_Caso_Teste\tests\CasoUso-Loja_E-commerce.robot">
<test id="s1-t1" name="Caso de uso 01 - Pesquisar Produtos Existentes">
<kw name="Abrir Navegador" library="resource" type="setup">
<kw name="Open Browser" library="SeleniumLibrary">
<doc>Opens a new browser instance to the given ``url``.</doc>
<arguments>
<arg>about:blank</arg>
<arg>${BROWSER}</arg>
</arguments>
<msg timestamp="20190115 18:05:08.745" level="INFO">Opening browser 'chrome' to base url 'about:blank'.</msg>
<status status="PASS" starttime="20190115 18:05:08.745" endtime="20190115 18:05:12.120"></status>
</kw>
<status status="PASS" starttime="20190115 18:05:08.745" endtime="20190115 18:05:12.120"></status>
</kw>
<kw name="Acessar página home do site" library="resource">
<kw name="Go To" library="SeleniumLibrary">
<doc>Navigates the active browser instance to the provided ``url``.</doc>
<arguments>
<arg>${URL}</arg>
</arguments>
<msg timestamp="20190115 18:05:12.122" level="INFO">Opening url 'http://automationpractice.com/index.php'</msg>
<status status="PASS" starttime="20190115 18:05:12.121" endtime="20190115 18:05:16.416"></status>
</kw>
<kw name="Title Should Be" library="SeleniumLibrary">
<doc>Verifies that current page title equals ``title``.</doc>
<arguments>
<arg>My Store</arg>
</arguments>
<msg timestamp="20190115 18:05:16.422" level="INFO">Page title is 'My Store'.</msg>
<status status="PASS" starttime="20190115 18:05:16.417" endtime="20190115 18:05:16.422"></status>
</kw>
<status status="PASS" starttime="20190115 18:05:12.121" endtime="20190115 18:05:16.423"></status>
</kw>
<kw name="Digitar o nome de produto &quot;Blouse&quot; no campo de pesquisa" library="resource">
<kw name="Input Text" library="SeleniumLibrary">
<doc>Types the given ``text`` into text field identified by ``locator``.</doc>
<arguments>
<arg>name=search_query</arg>
<arg>${PRODUTO}</arg>
</arguments>
<msg timestamp="20190115 18:05:16.424" level="INFO">Typing text 'Blouse' into text field 'name=search_query'.</msg>
<status status="PASS" starttime="20190115 18:05:16.423" endtime="20190115 18:05:16.551"></status>
</kw>
<status status="PASS" starttime="20190115 18:05:16.423" endtime="20190115 18:05:16.551"></status>
</kw>
<kw name="Clicar no botão de pesquisa" library="resource">
<kw name="Click Element" library="SeleniumLibrary">
<doc>Click element identified by ``locator``.</doc>
<arguments>
<arg>name=submit_search</arg>
</arguments>
<msg timestamp="20190115 18:05:16.552" level="INFO">Clicking element 'name=submit_search'.</msg>
<status status="PASS" starttime="20190115 18:05:16.552" endtime="20190115 18:05:17.714"></status>
</kw>
<status status="PASS" starttime="20190115 18:05:16.551" endtime="20190115 18:05:17.714"></status>
</kw>
<kw name="O sistema deve exibir a tela com o resultado da pesquisa, listando o produto pesquisado">
<kw name="Conferir o produto &quot;${PRODUTO}&quot; foi listado no site" library="resource">
<msg timestamp="20190115 18:05:17.716" level="FAIL">Variable '${PRODUTO}' not found.</msg>
<status status="FAIL" starttime="20190115 18:05:17.715" endtime="20190115 18:05:17.716"></status>
</kw>
<status status="FAIL" starttime="20190115 18:05:17.715" endtime="20190115 18:05:17.716"></status>
</kw>
<kw name="Fechar Navegador" library="resource" type="teardown">
<kw name="Close Browser" library="SeleniumLibrary">
<doc>Closes the current browser.</doc>
<status status="PASS" starttime="20190115 18:05:17.717" endtime="20190115 18:05:20.046"></status>
</kw>
<status status="PASS" starttime="20190115 18:05:17.717" endtime="20190115 18:05:20.046"></status>
</kw>
<status status="FAIL" starttime="20190115 18:05:08.744" endtime="20190115 18:05:20.046" critical="yes">Variable '${PRODUTO}' not found.</status>
</test>
<test id="s1-t2" name="Caso de uso 02 - Pesquisar Produtos não Existentes">
<kw name="Abrir Navegador" library="resource" type="setup">
<kw name="Open Browser" library="SeleniumLibrary">
<doc>Opens a new browser instance to the given ``url``.</doc>
<arguments>
<arg>about:blank</arg>
<arg>${BROWSER}</arg>
</arguments>
<msg timestamp="20190115 18:05:20.056" level="INFO">Opening browser 'chrome' to base url 'about:blank'.</msg>
<status status="PASS" starttime="20190115 18:05:20.056" endtime="20190115 18:05:22.457"></status>
</kw>
<status status="PASS" starttime="20190115 18:05:20.055" endtime="20190115 18:05:22.457"></status>
</kw>
<kw name="Acessar página home do site" library="resource">
<kw name="Go To" library="SeleniumLibrary">
<doc>Navigates the active browser instance to the provided ``url``.</doc>
<arguments>
<arg>${URL}</arg>
</arguments>
<msg timestamp="20190115 18:05:22.459" level="INFO">Opening url 'http://automationpractice.com/index.php'</msg>
<status status="PASS" starttime="20190115 18:05:22.459" endtime="20190115 18:05:27.208"></status>
</kw>
<kw name="Title Should Be" library="SeleniumLibrary">
<doc>Verifies that current page title equals ``title``.</doc>
<arguments>
<arg>My Store</arg>
</arguments>
<msg timestamp="20190115 18:05:27.216" level="INFO">Page title is 'My Store'.</msg>
<status status="PASS" starttime="20190115 18:05:27.208" endtime="20190115 18:05:27.216"></status>
</kw>
<status status="PASS" starttime="20190115 18:05:22.458" endtime="20190115 18:05:27.216"></status>
</kw>
<kw name="Digitar o nome de produto &quot;produtoNãoExistente&quot; no campo de pesquisa" library="resource">
<kw name="Input Text" library="SeleniumLibrary">
<doc>Types the given ``text`` into text field identified by ``locator``.</doc>
<arguments>
<arg>name=search_query</arg>
<arg>${PRODUTO}</arg>
</arguments>
<msg timestamp="20190115 18:05:27.218" level="INFO">Typing text 'produtoNãoExistente' into text field 'name=search_query'.</msg>
<status status="PASS" starttime="20190115 18:05:27.218" endtime="20190115 18:05:27.401"></status>
</kw>
<status status="PASS" starttime="20190115 18:05:27.217" endtime="20190115 18:05:27.401"></status>
</kw>
<kw name="Clicar no botão de pesquisa" library="resource">
<kw name="Click Element" library="SeleniumLibrary">
<doc>Click element identified by ``locator``.</doc>
<arguments>
<arg>name=submit_search</arg>
</arguments>
<msg timestamp="20190115 18:05:27.402" level="INFO">Clicking element 'name=submit_search'.</msg>
<status status="PASS" starttime="20190115 18:05:27.402" endtime="20190115 18:05:28.711"></status>
</kw>
<status status="PASS" starttime="20190115 18:05:27.401" endtime="20190115 18:05:28.711"></status>
</kw>
<kw name="O sistema deve exibir a mensagem &quot;No results were found for your search &quot;produtoNãoExistente&quot;&quot;" library="resource">
<kw name="Wait Until Element Is Visible" library="SeleniumLibrary">
<doc>Waits until element ``locator`` is visible.</doc>
<arguments>
<arg>xpath=//*[@id="center_column"]//p[@class='alert alert-warning']</arg>
</arguments>
<status status="PASS" starttime="20190115 18:05:28.712" endtime="20190115 18:05:28.748"></status>
</kw>
<kw name="Element Text Should Be" library="SeleniumLibrary">
<doc>Verifies that element ``locator`` contains exact text ``expected``.</doc>
<arguments>
<arg>xpath=//*[@id="center_column"]//p[@class='alert alert-warning']</arg>
<arg>${MENSAGEM_ALERTA}</arg>
</arguments>
<msg timestamp="20190115 18:05:28.749" level="INFO">Verifying element 'xpath=//*[@id="center_column"]//p[@class='alert alert-warning']' contains exact text 'No results were found for your search "produtoNãoExistente"'.</msg>
<status status="PASS" starttime="20190115 18:05:28.749" endtime="20190115 18:05:28.779"></status>
</kw>
<status status="PASS" starttime="20190115 18:05:28.712" endtime="20190115 18:05:28.780"></status>
</kw>
<kw name="Fechar Navegador" library="resource" type="teardown">
<kw name="Close Browser" library="SeleniumLibrary">
<doc>Closes the current browser.</doc>
<status status="PASS" starttime="20190115 18:05:28.780" endtime="20190115 18:05:31.104"></status>
</kw>
<status status="PASS" starttime="20190115 18:05:28.780" endtime="20190115 18:05:31.104"></status>
</kw>
<status status="PASS" starttime="20190115 18:05:20.054" endtime="20190115 18:05:31.105" critical="yes"></status>
</test>
<test id="s1-t3" name="Caso de uso 03 - Listar Produtos">
<kw name="Abrir Navegador" library="resource" type="setup">
<kw name="Open Browser" library="SeleniumLibrary">
<doc>Opens a new browser instance to the given ``url``.</doc>
<arguments>
<arg>about:blank</arg>
<arg>${BROWSER}</arg>
</arguments>
<msg timestamp="20190115 18:05:31.107" level="INFO">Opening browser 'chrome' to base url 'about:blank'.</msg>
<status status="PASS" starttime="20190115 18:05:31.107" endtime="20190115 18:05:33.493"></status>
</kw>
<status status="PASS" starttime="20190115 18:05:31.107" endtime="20190115 18:05:33.493"></status>
</kw>
<kw name="Acessar página home do site" library="resource">
<kw name="Go To" library="SeleniumLibrary">
<doc>Navigates the active browser instance to the provided ``url``.</doc>
<arguments>
<arg>${URL}</arg>
</arguments>
<msg timestamp="20190115 18:05:33.495" level="INFO">Opening url 'http://automationpractice.com/index.php'</msg>
<status status="PASS" starttime="20190115 18:05:33.495" endtime="20190115 18:05:37.492"></status>
</kw>
<kw name="Title Should Be" library="SeleniumLibrary">
<doc>Verifies that current page title equals ``title``.</doc>
<arguments>
<arg>My Store</arg>
</arguments>
<msg timestamp="20190115 18:05:37.499" level="INFO">Page title is 'My Store'.</msg>
<status status="PASS" starttime="20190115 18:05:37.492" endtime="20190115 18:05:37.499"></status>
</kw>
<status status="PASS" starttime="20190115 18:05:33.494" endtime="20190115 18:05:37.499"></status>
</kw>
<kw name="Passar o mouse por cima da categoria &quot;Women&quot; no menu principal superior de categorias.">
<msg timestamp="20190115 18:05:37.506" level="FAIL">No keyword with name 'Passar o mouse por cima da categoria "Women" no menu principal superior de categorias.' found.</msg>
<status status="FAIL" starttime="20190115 18:05:37.506" endtime="20190115 18:05:37.507"></status>
</kw>
<kw name="Fechar Navegador" library="resource" type="teardown">
<kw name="Close Browser" library="SeleniumLibrary">
<doc>Closes the current browser.</doc>
<status status="PASS" starttime="20190115 18:05:37.507" endtime="20190115 18:05:39.871"></status>
</kw>
<status status="PASS" starttime="20190115 18:05:37.507" endtime="20190115 18:05:39.871"></status>
</kw>
<status status="FAIL" starttime="20190115 18:05:31.106" endtime="20190115 18:05:39.872" critical="yes">No keyword with name 'Passar o mouse por cima da categoria "Women" no menu principal superior de categorias.' found.</status>
</test>
<test id="s1-t4" name="Caso de uso 04 - Adicionar Produtos no Carrinho">
<kw name="Abrir Navegador" library="resource" type="setup">
<kw name="Open Browser" library="SeleniumLibrary">
<doc>Opens a new browser instance to the given ``url``.</doc>
<arguments>
<arg>about:blank</arg>
<arg>${BROWSER}</arg>
</arguments>
<msg timestamp="20190115 18:05:39.875" level="INFO">Opening browser 'chrome' to base url 'about:blank'.</msg>
<status status="PASS" starttime="20190115 18:05:39.874" endtime="20190115 18:05:42.362"></status>
</kw>
<status status="PASS" starttime="20190115 18:05:39.874" endtime="20190115 18:05:42.363"></status>
</kw>
<kw name="Acessar página home do site" library="resource">
<kw name="Go To" library="SeleniumLibrary">
<doc>Navigates the active browser instance to the provided ``url``.</doc>
<arguments>
<arg>${URL}</arg>
</arguments>
<msg timestamp="20190115 18:05:42.364" level="INFO">Opening url 'http://automationpractice.com/index.php'</msg>
<status status="PASS" starttime="20190115 18:05:42.364" endtime="20190115 18:05:46.799"></status>
</kw>
<kw name="Title Should Be" library="SeleniumLibrary">
<doc>Verifies that current page title equals ``title``.</doc>
<arguments>
<arg>My Store</arg>
</arguments>
<msg timestamp="20190115 18:05:46.804" level="INFO">Page title is 'My Store'.</msg>
<status status="PASS" starttime="20190115 18:05:46.799" endtime="20190115 18:05:46.804"></status>
</kw>
<status status="PASS" starttime="20190115 18:05:42.363" endtime="20190115 18:05:46.805"></status>
</kw>
<kw name="Digitar o nome de produto &quot;Blouse&quot; no campo de pesquisa" library="resource">
<kw name="Input Text" library="SeleniumLibrary">
<doc>Types the given ``text`` into text field identified by ``locator``.</doc>
<arguments>
<arg>name=search_query</arg>
<arg>${PRODUTO}</arg>
</arguments>
<msg timestamp="20190115 18:05:46.806" level="INFO">Typing text 'Blouse' into text field 'name=search_query'.</msg>
<status status="PASS" starttime="20190115 18:05:46.806" endtime="20190115 18:05:46.927"></status>
</kw>
<status status="PASS" starttime="20190115 18:05:46.805" endtime="20190115 18:05:46.928"></status>
</kw>
<kw name="Clicar no botão de pesquisa" library="resource">
<kw name="Click Element" library="SeleniumLibrary">
<doc>Click element identified by ``locator``.</doc>
<arguments>
<arg>name=submit_search</arg>
</arguments>
<msg timestamp="20190115 18:05:46.929" level="INFO">Clicking element 'name=submit_search'.</msg>
<status status="PASS" starttime="20190115 18:05:46.928" endtime="20190115 18:05:48.149"></status>
</kw>
<status status="PASS" starttime="20190115 18:05:46.928" endtime="20190115 18:05:48.149"></status>
</kw>
<kw name="O sistema deve exibir a tela com o resultado da pesquisa, listando o produto pesquisado">
<kw name="Conferir o produto &quot;${PRODUTO}&quot; foi listado no site" library="resource">
<msg timestamp="20190115 18:05:48.150" level="FAIL">Variable '${PRODUTO}' not found.</msg>
<status status="FAIL" starttime="20190115 18:05:48.149" endtime="20190115 18:05:48.150"></status>
</kw>
<status status="FAIL" starttime="20190115 18:05:48.149" endtime="20190115 18:05:48.150"></status>
</kw>
<kw name="Fechar Navegador" library="resource" type="teardown">
<kw name="Close Browser" library="SeleniumLibrary">
<doc>Closes the current browser.</doc>
<status status="PASS" starttime="20190115 18:05:48.151" endtime="20190115 18:05:50.461"></status>
</kw>
<status status="PASS" starttime="20190115 18:05:48.151" endtime="20190115 18:05:50.461"></status>
</kw>
<status status="FAIL" starttime="20190115 18:05:39.873" endtime="20190115 18:05:50.461" critical="yes">Variable '${PRODUTO}' not found.</status>
</test>
<test id="s1-t5" name="Caso de uso 05 - Remover Produtos">
<kw name="Abrir Navegador" library="resource" type="setup">
<kw name="Open Browser" library="SeleniumLibrary">
<doc>Opens a new browser instance to the given ``url``.</doc>
<arguments>
<arg>about:blank</arg>
<arg>${BROWSER}</arg>
</arguments>
<msg timestamp="20190115 18:05:50.463" level="INFO">Opening browser 'chrome' to base url 'about:blank'.</msg>
<status status="PASS" starttime="20190115 18:05:50.463" endtime="20190115 18:05:52.913"></status>
</kw>
<status status="PASS" starttime="20190115 18:05:50.463" endtime="20190115 18:05:52.913"></status>
</kw>
<kw name="Acessar página home do site" library="resource">
<kw name="Go To" library="SeleniumLibrary">
<doc>Navigates the active browser instance to the provided ``url``.</doc>
<arguments>
<arg>${URL}</arg>
</arguments>
<msg timestamp="20190115 18:05:52.916" level="INFO">Opening url 'http://automationpractice.com/index.php'</msg>
<status status="PASS" starttime="20190115 18:05:52.915" endtime="20190115 18:05:57.362"></status>
</kw>
<kw name="Title Should Be" library="SeleniumLibrary">
<doc>Verifies that current page title equals ``title``.</doc>
<arguments>
<arg>My Store</arg>
</arguments>
<msg timestamp="20190115 18:05:57.369" level="INFO">Page title is 'My Store'.</msg>
<status status="PASS" starttime="20190115 18:05:57.363" endtime="20190115 18:05:57.370"></status>
</kw>
<status status="PASS" starttime="20190115 18:05:52.915" endtime="20190115 18:05:57.370"></status>
</kw>
<kw name="Clicar no ícone carrinho de compras no menu superior direito">
<msg timestamp="20190115 18:05:57.373" level="FAIL">No keyword with name 'Clicar no ícone carrinho de compras no menu superior direito' found.</msg>
<status status="FAIL" starttime="20190115 18:05:57.373" endtime="20190115 18:05:57.374"></status>
</kw>
<kw name="Fechar Navegador" library="resource" type="teardown">
<kw name="Close Browser" library="SeleniumLibrary">
<doc>Closes the current browser.</doc>
<status status="PASS" starttime="20190115 18:05:57.375" endtime="20190115 18:05:59.674"></status>
</kw>
<status status="PASS" starttime="20190115 18:05:57.374" endtime="20190115 18:05:59.674"></status>
</kw>
<status status="FAIL" starttime="20190115 18:05:50.463" endtime="20190115 18:05:59.674" critical="yes">No keyword with name 'Clicar no ícone carrinho de compras no menu superior direito' found.</status>
</test>
<test id="s1-t6" name="Caso de uso 06 - Adicionar Cliente">
<kw name="Abrir Navegador" library="resource" type="setup">
<kw name="Open Browser" library="SeleniumLibrary">
<doc>Opens a new browser instance to the given ``url``.</doc>
<arguments>
<arg>about:blank</arg>
<arg>${BROWSER}</arg>
</arguments>
<msg timestamp="20190115 18:05:59.677" level="INFO">Opening browser 'chrome' to base url 'about:blank'.</msg>
<status status="PASS" starttime="20190115 18:05:59.677" endtime="20190115 18:06:02.001"></status>
</kw>
<status status="PASS" starttime="20190115 18:05:59.677" endtime="20190115 18:06:02.001"></status>
</kw>
<kw name="Acessar página home do site" library="resource">
<kw name="Go To" library="SeleniumLibrary">
<doc>Navigates the active browser instance to the provided ``url``.</doc>
<arguments>
<arg>${URL}</arg>
</arguments>
<msg timestamp="20190115 18:06:02.003" level="INFO">Opening url 'http://automationpractice.com/index.php'</msg>
<status status="PASS" starttime="20190115 18:06:02.002" endtime="20190115 18:06:06.302"></status>
</kw>
<kw name="Title Should Be" library="SeleniumLibrary">
<doc>Verifies that current page title equals ``title``.</doc>
<arguments>
<arg>My Store</arg>
</arguments>
<msg timestamp="20190115 18:06:06.308" level="INFO">Page title is 'My Store'.</msg>
<status status="PASS" starttime="20190115 18:06:06.302" endtime="20190115 18:06:06.308"></status>
</kw>
<status status="PASS" starttime="20190115 18:06:02.002" endtime="20190115 18:06:06.308"></status>
</kw>
<kw name="Clicar no botão superior direito “Sign in”">
<msg timestamp="20190115 18:06:06.313" level="FAIL">No keyword with name 'Clicar no botão superior direito “Sign in”' found.</msg>
<status status="FAIL" starttime="20190115 18:06:06.313" endtime="20190115 18:06:06.313"></status>
</kw>
<kw name="Fechar Navegador" library="resource" type="teardown">
<kw name="Close Browser" library="SeleniumLibrary">
<doc>Closes the current browser.</doc>
<status status="PASS" starttime="20190115 18:06:06.315" endtime="20190115 18:06:08.617"></status>
</kw>
<status status="PASS" starttime="20190115 18:06:06.314" endtime="20190115 18:06:08.617"></status>
</kw>
<status status="FAIL" starttime="20190115 18:05:59.676" endtime="20190115 18:06:08.618" critical="yes">No keyword with name 'Clicar no botão superior direito “Sign in”' found.</status>
</test>
<status status="FAIL" starttime="20190115 18:05:07.655" endtime="20190115 18:06:08.620"></status>
</suite>
<statistics>
<total>
<stat pass="1" fail="5">Critical Tests</stat>
<stat pass="1" fail="5">All Tests</stat>
</total>
<tag>
</tag>
<suite>
<stat pass="1" fail="5" id="s1" name="CasoUso-Loja E-commerce">CasoUso-Loja E-commerce</stat>
</suite>
</statistics>
<errors>
</errors>
</robot>
