<?xml version="1.0" encoding="UTF-8"?>
<robot generator="Robot 3.1.1 (Python 3.7.0 on win32)" generated="20190115 13:15:05.077" rpa="false">
<suite id="s1" name="TestSitePractice" source="C:\Users\ldgomes\Desktop\Projetos\Robot_Framework_Study\Primeiro_Caso_Teste\tests\TestSitePractice.robot">
<test id="s1-t1" name="Cenário 01: Pesquisar produto Existente">
<kw name="Abrir Navegador" library="resource" type="setup">
<kw name="Open Browser" library="SeleniumLibrary">
<doc>Opens a new browser instance to the given ``url``.</doc>
<arguments>
<arg>${URL}</arg>
<arg>${BROWSER}</arg>
</arguments>
<msg timestamp="20190115 13:15:05.372" level="INFO">Opening browser 'chrome' to base url 'http://automationpractice.com/index.php'.</msg>
<status status="PASS" starttime="20190115 13:15:05.372" endtime="20190115 13:15:44.598"></status>
</kw>
<status status="PASS" starttime="20190115 13:15:05.371" endtime="20190115 13:15:44.599"></status>
</kw>
<kw name="Acessar página home do site" library="resource">
<kw name="Go To" library="SeleniumLibrary">
<doc>Navigates the active browser instance to the provided ``url``.</doc>
<arguments>
<arg>${URL}</arg>
</arguments>
<msg timestamp="20190115 13:15:44.606" level="INFO">Opening url 'http://automationpractice.com/index.php'</msg>
<status status="PASS" starttime="20190115 13:15:44.606" endtime="20190115 13:15:48.778"></status>
</kw>
<kw name="Title Should Be" library="SeleniumLibrary">
<doc>Verifies that current page title equals ``title``.</doc>
<arguments>
<arg>My Store</arg>
</arguments>
<msg timestamp="20190115 13:15:48.790" level="INFO">Page title is 'My Store'.</msg>
<status status="PASS" starttime="20190115 13:15:48.779" endtime="20190115 13:15:48.790"></status>
</kw>
<status status="PASS" starttime="20190115 13:15:44.604" endtime="20190115 13:15:48.790"></status>
</kw>
<kw name="Digitar o nome de produto &quot;Blouse&quot; no campo de pesquisa" library="resource">
<kw name="Input Text" library="SeleniumLibrary">
<doc>Types the given ``text`` into text field identified by ``locator``.</doc>
<arguments>
<arg>name=search_query</arg>
<arg>${PRODUTO}</arg>
</arguments>
<msg timestamp="20190115 13:15:48.793" level="INFO">Typing text 'Blouse' into text field 'name=search_query'.</msg>
<status status="PASS" starttime="20190115 13:15:48.792" endtime="20190115 13:15:49.091"></status>
</kw>
<status status="PASS" starttime="20190115 13:15:48.791" endtime="20190115 13:15:49.091"></status>
</kw>
<kw name="Clicar no botão de pesquisa" library="resource">
<kw name="Click Element" library="SeleniumLibrary">
<doc>Click element identified by ``locator``.</doc>
<arguments>
<arg>name=submit_search</arg>
</arguments>
<msg timestamp="20190115 13:15:49.093" level="INFO">Clicking element 'name=submit_search'.</msg>
<status status="PASS" starttime="20190115 13:15:49.092" endtime="20190115 13:15:54.906"></status>
</kw>
<status status="PASS" starttime="20190115 13:15:49.091" endtime="20190115 13:15:54.906"></status>
</kw>
<kw name="Então o produto &quot;Blouse&quot; deve ser listado na página de resultado da busca" library="resource">
<kw name="Wait Until Element Is Visible" library="SeleniumLibrary">
<doc>Waits until element ``locator`` is visible.</doc>
<arguments>
<arg>css=#center_column &gt; h1</arg>
</arguments>
<status status="PASS" starttime="20190115 13:15:54.908" endtime="20190115 13:15:54.961"></status>
</kw>
<kw name="Title Should Be" library="SeleniumLibrary">
<doc>Verifies that current page title equals ``title``.</doc>
<arguments>
<arg>Search - My Store</arg>
</arguments>
<msg timestamp="20190115 13:15:54.967" level="INFO">Page title is 'Search - My Store'.</msg>
<status status="PASS" starttime="20190115 13:15:54.961" endtime="20190115 13:15:54.967"></status>
</kw>
<kw name="Page Should Contain Image" library="SeleniumLibrary">
<doc>Verifies image identified by ``locator`` is found from current page.</doc>
<arguments>
<arg>xpath=//*[@id="center_column"]//*[@src="http://automationpractice.com/img/p/7/7-home_default.jpg"]</arg>
</arguments>
<msg timestamp="20190115 13:15:55.001" level="INFO">Current page contains image 'xpath=//*[@id="center_column"]//*[@src="http://automationpractice.com/img/p/7/7-home_default.jpg"]'.</msg>
<status status="PASS" starttime="20190115 13:15:54.967" endtime="20190115 13:15:55.001"></status>
</kw>
<kw name="Page Should Contain Link" library="SeleniumLibrary">
<doc>Verifies link identified by ``locator`` is found from current page.</doc>
<arguments>
<arg>xpath=//*[@id="center_column"]//a[@class="product-name"][contains(text(),"${PRODUTO}")]</arg>
</arguments>
<msg timestamp="20190115 13:15:55.028" level="INFO">Current page contains link 'xpath=//*[@id="center_column"]//a[@class="product-name"][contains(text(),"Blouse")]'.</msg>
<status status="PASS" starttime="20190115 13:15:55.001" endtime="20190115 13:15:55.028"></status>
</kw>
<status status="PASS" starttime="20190115 13:15:54.907" endtime="20190115 13:15:55.028"></status>
</kw>
<kw name="Fechar Navegador" library="resource" type="teardown">
<kw name="Close Browser" library="SeleniumLibrary">
<doc>Closes the current browser.</doc>
<status status="PASS" starttime="20190115 13:15:55.029" endtime="20190115 13:15:57.435"></status>
</kw>
<status status="PASS" starttime="20190115 13:15:55.029" endtime="20190115 13:15:57.435"></status>
</kw>
<status status="PASS" starttime="20190115 13:15:05.371" endtime="20190115 13:15:57.436" critical="yes"></status>
</test>
<test id="s1-t2" name="Cenário 02: Pesquisar produto não existente">
<kw name="Abrir Navegador" library="resource" type="setup">
<kw name="Open Browser" library="SeleniumLibrary">
<doc>Opens a new browser instance to the given ``url``.</doc>
<arguments>
<arg>${URL}</arg>
<arg>${BROWSER}</arg>
</arguments>
<msg timestamp="20190115 13:15:57.438" level="INFO">Opening browser 'chrome' to base url 'http://automationpractice.com/index.php'.</msg>
<status status="PASS" starttime="20190115 13:15:57.438" endtime="20190115 13:16:20.556"></status>
</kw>
<status status="PASS" starttime="20190115 13:15:57.438" endtime="20190115 13:16:20.556"></status>
</kw>
<kw name="Acessar página home do site" library="resource">
<kw name="Go To" library="SeleniumLibrary">
<doc>Navigates the active browser instance to the provided ``url``.</doc>
<arguments>
<arg>${URL}</arg>
</arguments>
<msg timestamp="20190115 13:16:20.560" level="INFO">Opening url 'http://automationpractice.com/index.php'</msg>
<status status="PASS" starttime="20190115 13:16:20.559" endtime="20190115 13:16:23.531"></status>
</kw>
<kw name="Title Should Be" library="SeleniumLibrary">
<doc>Verifies that current page title equals ``title``.</doc>
<arguments>
<arg>My Store</arg>
</arguments>
<msg timestamp="20190115 13:16:23.537" level="INFO">Page title is 'My Store'.</msg>
<status status="PASS" starttime="20190115 13:16:23.532" endtime="20190115 13:16:23.537"></status>
</kw>
<status status="PASS" starttime="20190115 13:16:20.558" endtime="20190115 13:16:23.537"></status>
</kw>
<kw name="Digitar o nome de produto &quot;produtoNãoExistente&quot; no campo de pesquisa" library="resource">
<kw name="Input Text" library="SeleniumLibrary">
<doc>Types the given ``text`` into text field identified by ``locator``.</doc>
<arguments>
<arg>name=search_query</arg>
<arg>${PRODUTO}</arg>
</arguments>
<msg timestamp="20190115 13:16:23.539" level="INFO">Typing text 'produtoNãoExistente' into text field 'name=search_query'.</msg>
<status status="PASS" starttime="20190115 13:16:23.538" endtime="20190115 13:16:23.728"></status>
</kw>
<status status="PASS" starttime="20190115 13:16:23.538" endtime="20190115 13:16:23.728"></status>
</kw>
<kw name="Clicar no botão de pesquisa" library="resource">
<kw name="Click Element" library="SeleniumLibrary">
<doc>Click element identified by ``locator``.</doc>
<arguments>
<arg>name=submit_search</arg>
</arguments>
<msg timestamp="20190115 13:16:23.729" level="INFO">Clicking element 'name=submit_search'.</msg>
<status status="PASS" starttime="20190115 13:16:23.729" endtime="20190115 13:16:27.150"></status>
</kw>
<status status="PASS" starttime="20190115 13:16:23.729" endtime="20190115 13:16:27.151"></status>
</kw>
<kw name="Então a página deve exibir a mensagem &quot;No results were found for your search &quot;produtoNãoExistente&quot;&quot;" library="resource">
<kw name="Wait Until Element Is Visible" library="SeleniumLibrary">
<doc>Waits until element ``locator`` is visible.</doc>
<arguments>
<arg>xpath=//*[@id="center_column"]//p[@class='alert alert-warning']</arg>
</arguments>
<status status="PASS" starttime="20190115 13:16:27.153" endtime="20190115 13:16:27.209"></status>
</kw>
<kw name="Element Text Should Be" library="SeleniumLibrary">
<doc>Verifies that element ``locator`` contains exact text ``expected``.</doc>
<arguments>
<arg>xpath=//*[@id="center_column"]//p[@class='alert alert-warning']</arg>
<arg>${MENSAGEM_ALERTA}</arg>
</arguments>
<msg timestamp="20190115 13:16:27.209" level="INFO">Verifying element 'xpath=//*[@id="center_column"]//p[@class='alert alert-warning']' contains exact text 'No results were found for your search "produtoNãoExistente"'.</msg>
<status status="PASS" starttime="20190115 13:16:27.209" endtime="20190115 13:16:27.255"></status>
</kw>
<status status="PASS" starttime="20190115 13:16:27.151" endtime="20190115 13:16:27.256"></status>
</kw>
<kw name="Fechar Navegador" library="resource" type="teardown">
<kw name="Close Browser" library="SeleniumLibrary">
<doc>Closes the current browser.</doc>
<status status="PASS" starttime="20190115 13:16:27.257" endtime="20190115 13:16:29.613"></status>
</kw>
<status status="PASS" starttime="20190115 13:16:27.257" endtime="20190115 13:16:29.613"></status>
</kw>
<status status="PASS" starttime="20190115 13:15:57.437" endtime="20190115 13:16:29.614" critical="yes"></status>
</test>
<status status="PASS" starttime="20190115 13:15:05.079" endtime="20190115 13:16:29.615"></status>
</suite>
<statistics>
<total>
<stat pass="2" fail="0">Critical Tests</stat>
<stat pass="2" fail="0">All Tests</stat>
</total>
<tag>
</tag>
<suite>
<stat pass="2" fail="0" id="s1" name="TestSitePractice">TestSitePractice</stat>
</suite>
</statistics>
<errors>
</errors>
</robot>
