<?xml version="1.0" encoding="UTF-8"?>
<robot generator="Robot 3.1.1 (Python 3.7.1 on win32)" generated="20190115 18:13:36.030" rpa="false">
<suite id="s1" name="CasoUso-Loja E-commerce" source="C:\Users\LUCASDOMINGOSLEAOGOM\Desktop\Projetos\Robot_Framework_Study\Primeiro_Caso_Teste\tests\CasoUso-Loja_E-commerce.robot">
<test id="s1-t1" name="Caso de uso 01 - Pesquisar Produtos Existentes">
<kw name="Abrir Navegador" library="resource" type="setup">
<kw name="Open Browser" library="SeleniumLibrary">
<doc>Opens a new browser instance to the given ``url``.</doc>
<arguments>
<arg>about:blank</arg>
<arg>${BROWSER}</arg>
</arguments>
<msg timestamp="20190115 18:13:36.233" level="INFO">Opening browser 'chrome' to base url 'about:blank'.</msg>
<status status="PASS" starttime="20190115 18:13:36.233" endtime="20190115 18:13:38.804"></status>
</kw>
<status status="PASS" starttime="20190115 18:13:36.233" endtime="20190115 18:13:38.804"></status>
</kw>
<kw name="Acessar página home do site" library="resource">
<kw name="Go To" library="SeleniumLibrary">
<doc>Navigates the active browser instance to the provided ``url``.</doc>
<arguments>
<arg>${URL}</arg>
</arguments>
<msg timestamp="20190115 18:13:38.806" level="INFO">Opening url 'http://automationpractice.com/index.php'</msg>
<status status="PASS" starttime="20190115 18:13:38.806" endtime="20190115 18:13:43.062"></status>
</kw>
<kw name="Title Should Be" library="SeleniumLibrary">
<doc>Verifies that current page title equals ``title``.</doc>
<arguments>
<arg>My Store</arg>
</arguments>
<msg timestamp="20190115 18:13:43.068" level="INFO">Page title is 'My Store'.</msg>
<status status="PASS" starttime="20190115 18:13:43.062" endtime="20190115 18:13:43.068"></status>
</kw>
<status status="PASS" starttime="20190115 18:13:38.805" endtime="20190115 18:13:43.068"></status>
</kw>
<kw name="Digitar o nome de produto &quot;Blouse&quot; no campo de pesquisa" library="resource">
<kw name="Input Text" library="SeleniumLibrary">
<doc>Types the given ``text`` into text field identified by ``locator``.</doc>
<arguments>
<arg>name=search_query</arg>
<arg>${PRODUTO}</arg>
</arguments>
<msg timestamp="20190115 18:13:43.069" level="INFO">Typing text 'Blouse' into text field 'name=search_query'.</msg>
<status status="PASS" starttime="20190115 18:13:43.069" endtime="20190115 18:13:43.189"></status>
</kw>
<status status="PASS" starttime="20190115 18:13:43.068" endtime="20190115 18:13:43.189"></status>
</kw>
<kw name="Clicar no botão de pesquisa" library="resource">
<kw name="Click Element" library="SeleniumLibrary">
<doc>Click element identified by ``locator``.</doc>
<arguments>
<arg>name=submit_search</arg>
</arguments>
<msg timestamp="20190115 18:13:43.190" level="INFO">Clicking element 'name=submit_search'.</msg>
<status status="PASS" starttime="20190115 18:13:43.190" endtime="20190115 18:13:44.421"></status>
</kw>
<status status="PASS" starttime="20190115 18:13:43.190" endtime="20190115 18:13:44.422"></status>
</kw>
<kw name="O sistema deve exibir a tela com o resultado da pesquisa, listando o produto pesquisado">
<kw name="Conferir o produto &quot;Blouse&quot; foi listado no site" library="resource">
<kw name="Wait Until Element Is Visible" library="SeleniumLibrary">
<doc>Waits until element ``locator`` is visible.</doc>
<arguments>
<arg>css=#center_column &gt; h1</arg>
</arguments>
<status status="PASS" starttime="20190115 18:13:44.426" endtime="20190115 18:13:44.459"></status>
</kw>
<kw name="Title Should Be" library="SeleniumLibrary">
<doc>Verifies that current page title equals ``title``.</doc>
<arguments>
<arg>Search - My Store</arg>
</arguments>
<msg timestamp="20190115 18:13:44.463" level="INFO">Page title is 'Search - My Store'.</msg>
<status status="PASS" starttime="20190115 18:13:44.459" endtime="20190115 18:13:44.463"></status>
</kw>
<kw name="Page Should Contain Image" library="SeleniumLibrary">
<doc>Verifies image identified by ``locator`` is found from current page.</doc>
<arguments>
<arg>xpath=//*[@id="center_column"]//*[@src="http://automationpractice.com/img/p/7/7-home_default.jpg"]</arg>
</arguments>
<msg timestamp="20190115 18:13:44.481" level="INFO">Current page contains image 'xpath=//*[@id="center_column"]//*[@src="http://automationpractice.com/img/p/7/7-home_default.jpg"]'.</msg>
<status status="PASS" starttime="20190115 18:13:44.463" endtime="20190115 18:13:44.481"></status>
</kw>
<kw name="Page Should Contain Link" library="SeleniumLibrary">
<doc>Verifies link identified by ``locator`` is found from current page.</doc>
<arguments>
<arg>xpath=//*[@id="center_column"]//a[@class="product-name"][contains(text(),"${PRODUTO}")]</arg>
</arguments>
<msg timestamp="20190115 18:13:44.503" level="INFO">Current page contains link 'xpath=//*[@id="center_column"]//a[@class="product-name"][contains(text(),"Blouse")]'.</msg>
<status status="PASS" starttime="20190115 18:13:44.481" endtime="20190115 18:13:44.503"></status>
</kw>
<status status="PASS" starttime="20190115 18:13:44.425" endtime="20190115 18:13:44.503"></status>
</kw>
<status status="PASS" starttime="20190115 18:13:44.424" endtime="20190115 18:13:44.503"></status>
</kw>
<kw name="Fechar Navegador" library="resource" type="teardown">
<kw name="Close Browser" library="SeleniumLibrary">
<doc>Closes the current browser.</doc>
<status status="PASS" starttime="20190115 18:13:44.504" endtime="20190115 18:13:46.809"></status>
</kw>
<status status="PASS" starttime="20190115 18:13:44.504" endtime="20190115 18:13:46.809"></status>
</kw>
<status status="PASS" starttime="20190115 18:13:36.232" endtime="20190115 18:13:46.810" critical="yes"></status>
</test>
<test id="s1-t2" name="Caso de uso 02 - Pesquisar Produtos não Existentes">
<kw name="Abrir Navegador" library="resource" type="setup">
<kw name="Open Browser" library="SeleniumLibrary">
<doc>Opens a new browser instance to the given ``url``.</doc>
<arguments>
<arg>about:blank</arg>
<arg>${BROWSER}</arg>
</arguments>
<msg timestamp="20190115 18:13:46.812" level="INFO">Opening browser 'chrome' to base url 'about:blank'.</msg>
<status status="PASS" starttime="20190115 18:13:46.812" endtime="20190115 18:13:49.160"></status>
</kw>
<status status="PASS" starttime="20190115 18:13:46.812" endtime="20190115 18:13:49.161"></status>
</kw>
<kw name="Acessar página home do site" library="resource">
<kw name="Go To" library="SeleniumLibrary">
<doc>Navigates the active browser instance to the provided ``url``.</doc>
<arguments>
<arg>${URL}</arg>
</arguments>
<msg timestamp="20190115 18:13:49.162" level="INFO">Opening url 'http://automationpractice.com/index.php'</msg>
<status status="PASS" starttime="20190115 18:13:49.161" endtime="20190115 18:13:53.466"></status>
</kw>
<kw name="Title Should Be" library="SeleniumLibrary">
<doc>Verifies that current page title equals ``title``.</doc>
<arguments>
<arg>My Store</arg>
</arguments>
<msg timestamp="20190115 18:13:53.471" level="INFO">Page title is 'My Store'.</msg>
<status status="PASS" starttime="20190115 18:13:53.466" endtime="20190115 18:13:53.472"></status>
</kw>
<status status="PASS" starttime="20190115 18:13:49.161" endtime="20190115 18:13:53.472"></status>
</kw>
<kw name="Digitar o nome de produto &quot;produtoNãoExistente&quot; no campo de pesquisa" library="resource">
<kw name="Input Text" library="SeleniumLibrary">
<doc>Types the given ``text`` into text field identified by ``locator``.</doc>
<arguments>
<arg>name=search_query</arg>
<arg>${PRODUTO}</arg>
</arguments>
<msg timestamp="20190115 18:13:53.472" level="INFO">Typing text 'produtoNãoExistente' into text field 'name=search_query'.</msg>
<status status="PASS" starttime="20190115 18:13:53.472" endtime="20190115 18:13:53.658"></status>
</kw>
<status status="PASS" starttime="20190115 18:13:53.472" endtime="20190115 18:13:53.658"></status>
</kw>
<kw name="Clicar no botão de pesquisa" library="resource">
<kw name="Click Element" library="SeleniumLibrary">
<doc>Click element identified by ``locator``.</doc>
<arguments>
<arg>name=submit_search</arg>
</arguments>
<msg timestamp="20190115 18:13:53.660" level="INFO">Clicking element 'name=submit_search'.</msg>
<status status="PASS" starttime="20190115 18:13:53.659" endtime="20190115 18:13:54.891"></status>
</kw>
<status status="PASS" starttime="20190115 18:13:53.659" endtime="20190115 18:13:54.891"></status>
</kw>
<kw name="O sistema deve exibir a mensagem &quot;No results were found for your search &quot;produtoNãoExistente&quot;&quot;" library="resource">
<kw name="Wait Until Element Is Visible" library="SeleniumLibrary">
<doc>Waits until element ``locator`` is visible.</doc>
<arguments>
<arg>xpath=//*[@id="center_column"]//p[@class='alert alert-warning']</arg>
</arguments>
<status status="PASS" starttime="20190115 18:13:54.893" endtime="20190115 18:13:54.934"></status>
</kw>
<kw name="Element Text Should Be" library="SeleniumLibrary">
<doc>Verifies that element ``locator`` contains exact text ``expected``.</doc>
<arguments>
<arg>xpath=//*[@id="center_column"]//p[@class='alert alert-warning']</arg>
<arg>${MENSAGEM_ALERTA}</arg>
</arguments>
<msg timestamp="20190115 18:13:54.934" level="INFO">Verifying element 'xpath=//*[@id="center_column"]//p[@class='alert alert-warning']' contains exact text 'No results were found for your search "produtoNãoExistente"'.</msg>
<status status="PASS" starttime="20190115 18:13:54.934" endtime="20190115 18:13:54.964"></status>
</kw>
<status status="PASS" starttime="20190115 18:13:54.892" endtime="20190115 18:13:54.965"></status>
</kw>
<kw name="Fechar Navegador" library="resource" type="teardown">
<kw name="Close Browser" library="SeleniumLibrary">
<doc>Closes the current browser.</doc>
<status status="PASS" starttime="20190115 18:13:54.966" endtime="20190115 18:13:57.268"></status>
</kw>
<status status="PASS" starttime="20190115 18:13:54.965" endtime="20190115 18:13:57.268"></status>
</kw>
<status status="PASS" starttime="20190115 18:13:46.811" endtime="20190115 18:13:57.269" critical="yes"></status>
</test>
<test id="s1-t3" name="Caso de uso 03 - Listar Produtos">
<kw name="Abrir Navegador" library="resource" type="setup">
<kw name="Open Browser" library="SeleniumLibrary">
<doc>Opens a new browser instance to the given ``url``.</doc>
<arguments>
<arg>about:blank</arg>
<arg>${BROWSER}</arg>
</arguments>
<msg timestamp="20190115 18:13:57.271" level="INFO">Opening browser 'chrome' to base url 'about:blank'.</msg>
<status status="PASS" starttime="20190115 18:13:57.271" endtime="20190115 18:13:59.631"></status>
</kw>
<status status="PASS" starttime="20190115 18:13:57.271" endtime="20190115 18:13:59.631"></status>
</kw>
<kw name="Acessar página home do site" library="resource">
<kw name="Go To" library="SeleniumLibrary">
<doc>Navigates the active browser instance to the provided ``url``.</doc>
<arguments>
<arg>${URL}</arg>
</arguments>
<msg timestamp="20190115 18:13:59.633" level="INFO">Opening url 'http://automationpractice.com/index.php'</msg>
<status status="PASS" starttime="20190115 18:13:59.633" endtime="20190115 18:14:03.972"></status>
</kw>
<kw name="Title Should Be" library="SeleniumLibrary">
<doc>Verifies that current page title equals ``title``.</doc>
<arguments>
<arg>My Store</arg>
</arguments>
<msg timestamp="20190115 18:14:03.978" level="INFO">Page title is 'My Store'.</msg>
<status status="PASS" starttime="20190115 18:14:03.972" endtime="20190115 18:14:03.978"></status>
</kw>
<status status="PASS" starttime="20190115 18:13:59.632" endtime="20190115 18:14:03.978"></status>
</kw>
<kw name="Passar o mouse por cima da categoria &quot;Women&quot; no menu principal superior de categorias.">
<msg timestamp="20190115 18:14:03.984" level="FAIL">No keyword with name 'Passar o mouse por cima da categoria "Women" no menu principal superior de categorias.' found.</msg>
<status status="FAIL" starttime="20190115 18:14:03.983" endtime="20190115 18:14:03.984"></status>
</kw>
<kw name="Fechar Navegador" library="resource" type="teardown">
<kw name="Close Browser" library="SeleniumLibrary">
<doc>Closes the current browser.</doc>
<status status="PASS" starttime="20190115 18:14:03.985" endtime="20190115 18:14:06.297"></status>
</kw>
<status status="PASS" starttime="20190115 18:14:03.984" endtime="20190115 18:14:06.297"></status>
</kw>
<status status="FAIL" starttime="20190115 18:13:57.270" endtime="20190115 18:14:06.297" critical="yes">No keyword with name 'Passar o mouse por cima da categoria "Women" no menu principal superior de categorias.' found.</status>
</test>
<test id="s1-t4" name="Caso de uso 04 - Adicionar Produtos no Carrinho">
<kw name="Abrir Navegador" library="resource" type="setup">
<kw name="Open Browser" library="SeleniumLibrary">
<doc>Opens a new browser instance to the given ``url``.</doc>
<arguments>
<arg>about:blank</arg>
<arg>${BROWSER}</arg>
</arguments>
<msg timestamp="20190115 18:14:06.300" level="INFO">Opening browser 'chrome' to base url 'about:blank'.</msg>
<status status="PASS" starttime="20190115 18:14:06.300" endtime="20190115 18:14:08.820"></status>
</kw>
<status status="PASS" starttime="20190115 18:14:06.300" endtime="20190115 18:14:08.820"></status>
</kw>
<kw name="Acessar página home do site" library="resource">
<kw name="Go To" library="SeleniumLibrary">
<doc>Navigates the active browser instance to the provided ``url``.</doc>
<arguments>
<arg>${URL}</arg>
</arguments>
<msg timestamp="20190115 18:14:08.822" level="INFO">Opening url 'http://automationpractice.com/index.php'</msg>
<status status="PASS" starttime="20190115 18:14:08.821" endtime="20190115 18:14:13.158"></status>
</kw>
<kw name="Title Should Be" library="SeleniumLibrary">
<doc>Verifies that current page title equals ``title``.</doc>
<arguments>
<arg>My Store</arg>
</arguments>
<msg timestamp="20190115 18:14:13.165" level="INFO">Page title is 'My Store'.</msg>
<status status="PASS" starttime="20190115 18:14:13.158" endtime="20190115 18:14:13.165"></status>
</kw>
<status status="PASS" starttime="20190115 18:14:08.821" endtime="20190115 18:14:13.165"></status>
</kw>
<kw name="Digitar o nome de produto &quot;Blouse&quot; no campo de pesquisa" library="resource">
<kw name="Input Text" library="SeleniumLibrary">
<doc>Types the given ``text`` into text field identified by ``locator``.</doc>
<arguments>
<arg>name=search_query</arg>
<arg>${PRODUTO}</arg>
</arguments>
<msg timestamp="20190115 18:14:13.166" level="INFO">Typing text 'Blouse' into text field 'name=search_query'.</msg>
<status status="PASS" starttime="20190115 18:14:13.166" endtime="20190115 18:14:13.279"></status>
</kw>
<status status="PASS" starttime="20190115 18:14:13.166" endtime="20190115 18:14:13.279"></status>
</kw>
<kw name="Clicar no botão de pesquisa" library="resource">
<kw name="Click Element" library="SeleniumLibrary">
<doc>Click element identified by ``locator``.</doc>
<arguments>
<arg>name=submit_search</arg>
</arguments>
<msg timestamp="20190115 18:14:13.280" level="INFO">Clicking element 'name=submit_search'.</msg>
<status status="PASS" starttime="20190115 18:14:13.280" endtime="20190115 18:14:14.416"></status>
</kw>
<status status="PASS" starttime="20190115 18:14:13.279" endtime="20190115 18:14:14.416"></status>
</kw>
<kw name="O sistema deve exibir a tela com o resultado da pesquisa, listando o produto pesquisado">
<kw name="Conferir o produto &quot;Blouse&quot; foi listado no site" library="resource">
<kw name="Wait Until Element Is Visible" library="SeleniumLibrary">
<doc>Waits until element ``locator`` is visible.</doc>
<arguments>
<arg>css=#center_column &gt; h1</arg>
</arguments>
<status status="PASS" starttime="20190115 18:14:14.419" endtime="20190115 18:14:14.452"></status>
</kw>
<kw name="Title Should Be" library="SeleniumLibrary">
<doc>Verifies that current page title equals ``title``.</doc>
<arguments>
<arg>Search - My Store</arg>
</arguments>
<msg timestamp="20190115 18:14:14.458" level="INFO">Page title is 'Search - My Store'.</msg>
<status status="PASS" starttime="20190115 18:14:14.453" endtime="20190115 18:14:14.458"></status>
</kw>
<kw name="Page Should Contain Image" library="SeleniumLibrary">
<doc>Verifies image identified by ``locator`` is found from current page.</doc>
<arguments>
<arg>xpath=//*[@id="center_column"]//*[@src="http://automationpractice.com/img/p/7/7-home_default.jpg"]</arg>
</arguments>
<msg timestamp="20190115 18:14:14.476" level="INFO">Current page contains image 'xpath=//*[@id="center_column"]//*[@src="http://automationpractice.com/img/p/7/7-home_default.jpg"]'.</msg>
<status status="PASS" starttime="20190115 18:14:14.458" endtime="20190115 18:14:14.476"></status>
</kw>
<kw name="Page Should Contain Link" library="SeleniumLibrary">
<doc>Verifies link identified by ``locator`` is found from current page.</doc>
<arguments>
<arg>xpath=//*[@id="center_column"]//a[@class="product-name"][contains(text(),"${PRODUTO}")]</arg>
</arguments>
<msg timestamp="20190115 18:14:14.495" level="INFO">Current page contains link 'xpath=//*[@id="center_column"]//a[@class="product-name"][contains(text(),"Blouse")]'.</msg>
<status status="PASS" starttime="20190115 18:14:14.476" endtime="20190115 18:14:14.495"></status>
</kw>
<status status="PASS" starttime="20190115 18:14:14.418" endtime="20190115 18:14:14.495"></status>
</kw>
<status status="PASS" starttime="20190115 18:14:14.416" endtime="20190115 18:14:14.495"></status>
</kw>
<kw name="Clicar no botão &quot;Add to cart&quot; do produto">
<msg timestamp="20190115 18:14:14.501" level="FAIL">No keyword with name 'Clicar no botão "Add to cart" do produto' found.</msg>
<status status="FAIL" starttime="20190115 18:14:14.501" endtime="20190115 18:14:14.501"></status>
</kw>
<kw name="Fechar Navegador" library="resource" type="teardown">
<kw name="Close Browser" library="SeleniumLibrary">
<doc>Closes the current browser.</doc>
<status status="PASS" starttime="20190115 18:14:14.504" endtime="20190115 18:14:16.808"></status>
</kw>
<status status="PASS" starttime="20190115 18:14:14.502" endtime="20190115 18:14:16.808"></status>
</kw>
<status status="FAIL" starttime="20190115 18:14:06.299" endtime="20190115 18:14:16.808" critical="yes">No keyword with name 'Clicar no botão "Add to cart" do produto' found.</status>
</test>
<test id="s1-t5" name="Caso de uso 05 - Remover Produtos">
<kw name="Abrir Navegador" library="resource" type="setup">
<kw name="Open Browser" library="SeleniumLibrary">
<doc>Opens a new browser instance to the given ``url``.</doc>
<arguments>
<arg>about:blank</arg>
<arg>${BROWSER}</arg>
</arguments>
<msg timestamp="20190115 18:14:16.811" level="INFO">Opening browser 'chrome' to base url 'about:blank'.</msg>
<status status="PASS" starttime="20190115 18:14:16.811" endtime="20190115 18:14:19.284"></status>
</kw>
<status status="PASS" starttime="20190115 18:14:16.810" endtime="20190115 18:14:19.284"></status>
</kw>
<kw name="Acessar página home do site" library="resource">
<kw name="Go To" library="SeleniumLibrary">
<doc>Navigates the active browser instance to the provided ``url``.</doc>
<arguments>
<arg>${URL}</arg>
</arguments>
<msg timestamp="20190115 18:14:19.286" level="INFO">Opening url 'http://automationpractice.com/index.php'</msg>
<status status="PASS" starttime="20190115 18:14:19.285" endtime="20190115 18:14:23.692"></status>
</kw>
<kw name="Title Should Be" library="SeleniumLibrary">
<doc>Verifies that current page title equals ``title``.</doc>
<arguments>
<arg>My Store</arg>
</arguments>
<msg timestamp="20190115 18:14:23.698" level="INFO">Page title is 'My Store'.</msg>
<status status="PASS" starttime="20190115 18:14:23.693" endtime="20190115 18:14:23.698"></status>
</kw>
<status status="PASS" starttime="20190115 18:14:19.285" endtime="20190115 18:14:23.698"></status>
</kw>
<kw name="Clicar no ícone carrinho de compras no menu superior direito">
<msg timestamp="20190115 18:14:23.704" level="FAIL">No keyword with name 'Clicar no ícone carrinho de compras no menu superior direito' found.</msg>
<status status="FAIL" starttime="20190115 18:14:23.704" endtime="20190115 18:14:23.704"></status>
</kw>
<kw name="Fechar Navegador" library="resource" type="teardown">
<kw name="Close Browser" library="SeleniumLibrary">
<doc>Closes the current browser.</doc>
<status status="PASS" starttime="20190115 18:14:23.706" endtime="20190115 18:14:26.009"></status>
</kw>
<status status="PASS" starttime="20190115 18:14:23.705" endtime="20190115 18:14:26.009"></status>
</kw>
<status status="FAIL" starttime="20190115 18:14:16.810" endtime="20190115 18:14:26.009" critical="yes">No keyword with name 'Clicar no ícone carrinho de compras no menu superior direito' found.</status>
</test>
<test id="s1-t6" name="Caso de uso 06 - Adicionar Cliente">
<kw name="Abrir Navegador" library="resource" type="setup">
<kw name="Open Browser" library="SeleniumLibrary">
<doc>Opens a new browser instance to the given ``url``.</doc>
<arguments>
<arg>about:blank</arg>
<arg>${BROWSER}</arg>
</arguments>
<msg timestamp="20190115 18:14:26.012" level="INFO">Opening browser 'chrome' to base url 'about:blank'.</msg>
<status status="PASS" starttime="20190115 18:14:26.012" endtime="20190115 18:14:28.359"></status>
</kw>
<status status="PASS" starttime="20190115 18:14:26.012" endtime="20190115 18:14:28.359"></status>
</kw>
<kw name="Acessar página home do site" library="resource">
<kw name="Go To" library="SeleniumLibrary">
<doc>Navigates the active browser instance to the provided ``url``.</doc>
<arguments>
<arg>${URL}</arg>
</arguments>
<msg timestamp="20190115 18:14:28.361" level="INFO">Opening url 'http://automationpractice.com/index.php'</msg>
<status status="PASS" starttime="20190115 18:14:28.360" endtime="20190115 18:14:32.616"></status>
</kw>
<kw name="Title Should Be" library="SeleniumLibrary">
<doc>Verifies that current page title equals ``title``.</doc>
<arguments>
<arg>My Store</arg>
</arguments>
<msg timestamp="20190115 18:14:32.622" level="INFO">Page title is 'My Store'.</msg>
<status status="PASS" starttime="20190115 18:14:32.616" endtime="20190115 18:14:32.622"></status>
</kw>
<status status="PASS" starttime="20190115 18:14:28.360" endtime="20190115 18:14:32.622"></status>
</kw>
<kw name="Clicar no botão superior direito “Sign in”">
<msg timestamp="20190115 18:14:32.627" level="FAIL">No keyword with name 'Clicar no botão superior direito “Sign in”' found.</msg>
<status status="FAIL" starttime="20190115 18:14:32.627" endtime="20190115 18:14:32.627"></status>
</kw>
<kw name="Fechar Navegador" library="resource" type="teardown">
<kw name="Close Browser" library="SeleniumLibrary">
<doc>Closes the current browser.</doc>
<status status="PASS" starttime="20190115 18:14:32.629" endtime="20190115 18:14:34.927"></status>
</kw>
<status status="PASS" starttime="20190115 18:14:32.628" endtime="20190115 18:14:34.927"></status>
</kw>
<status status="FAIL" starttime="20190115 18:14:26.011" endtime="20190115 18:14:34.927" critical="yes">No keyword with name 'Clicar no botão superior direito “Sign in”' found.</status>
</test>
<status status="FAIL" starttime="20190115 18:13:36.038" endtime="20190115 18:14:34.929"></status>
</suite>
<statistics>
<total>
<stat pass="2" fail="4">Critical Tests</stat>
<stat pass="2" fail="4">All Tests</stat>
</total>
<tag>
</tag>
<suite>
<stat pass="2" fail="4" id="s1" name="CasoUso-Loja E-commerce">CasoUso-Loja E-commerce</stat>
</suite>
</statistics>
<errors>
</errors>
</robot>
